The system is: Linux - 4.2.0-38-generic - x86_64
Compiling the CXX compiler identification source file "CMakeCXXCompilerId.cpp" succeeded.
Compiler: /usr/bin/c++ 
Build flags: 
Id flags: 

The output was:
0


Compilation of the CXX compiler identification source "CMakeCXXCompilerId.cpp" produced "a.out"

The CXX compiler identification is GNU, found in "/home/taciomcosta/Área de Trabalho/Linguagem C/Head_First/LAB 2/cmake_binary_dir/CMakeFiles/3.2.2/CompilerIdCXX/a.out"

Compiling the C compiler identification source file "CMakeCCompilerId.c" succeeded.
Compiler: /usr/bin/cc 
Build flags: 
Id flags: 

The output was:
0


Compilation of the C compiler identification source "CMakeCCompilerId.c" produced "a.out"

The C compiler identification is GNU, found in "/home/taciomcosta/Área de Trabalho/Linguagem C/Head_First/LAB 2/cmake_binary_dir/CMakeFiles/3.2.2/CompilerIdC/a.out"

Determining if the CXX compiler works passed with the following output:
Change Dir: /home/taciomcosta/Área de Trabalho/Linguagem C/Head_First/LAB 2/cmake_binary_dir/CMakeFiles/CMakeTmp

Run Build Command:"/usr/bin/make" "cmTryCompileExec2038047772/fast"
/usr/bin/make -f CMakeFiles/cmTryCompileExec2038047772.dir/build.make CMakeFiles/cmTryCompileExec2038047772.dir/build
make[1]: Entering directory '/home/taciomcosta/Área de Trabalho/Linguagem C/Head_First/LAB 2/cmake_binary_dir/CMakeFiles/CMakeTmp'
/usr/bin/cmake -E cmake_progress_report "/home/taciomcosta/Área de Trabalho/Linguagem C/Head_First/LAB 2/cmake_binary_dir/CMakeFiles/CMakeTmp/CMakeFiles" 1
Building CXX object CMakeFiles/cmTryCompileExec2038047772.dir/testCXXCompiler.cxx.o
/usr/bin/c++     -o CMakeFiles/cmTryCompileExec2038047772.dir/testCXXCompiler.cxx.o -c "/home/taciomcosta/Área de Trabalho/Linguagem C/Head_First/LAB 2/cmake_binary_dir/CMakeFiles/CMakeTmp/testCXXCompiler.cxx"
Linking CXX executable cmTryCompileExec2038047772
/usr/bin/cmake -E cmake_link_script CMakeFiles/cmTryCompileExec2038047772.dir/link.txt --verbose=1
/usr/bin/c++        CMakeFiles/cmTryCompileExec2038047772.dir/testCXXCompiler.cxx.o  -o cmTryCompileExec2038047772 -rdynamic 
make[1]: Leaving directory '/home/taciomcosta/Área de Trabalho/Linguagem C/Head_First/LAB 2/cmake_binary_dir/CMakeFiles/CMakeTmp'


Detecting CXX compiler ABI info compiled with the following output:
Change Dir: /home/taciomcosta/Área de Trabalho/Linguagem C/Head_First/LAB 2/cmake_binary_dir/CMakeFiles/CMakeTmp

Run Build Command:"/usr/bin/make" "cmTryCompileExec3436940115/fast"
/usr/bin/make -f CMakeFiles/cmTryCompileExec3436940115.dir/build.make CMakeFiles/cmTryCompileExec3436940115.dir/build
make[1]: Entering directory '/home/taciomcosta/Área de Trabalho/Linguagem C/Head_First/LAB 2/cmake_binary_dir/CMakeFiles/CMakeTmp'
/usr/bin/cmake -E cmake_progress_report "/home/taciomcosta/Área de Trabalho/Linguagem C/Head_First/LAB 2/cmake_binary_dir/CMakeFiles/CMakeTmp/CMakeFiles" 1
Building CXX object CMakeFiles/cmTryCompileExec3436940115.dir/CMakeCXXCompilerABI.cpp.o
/usr/bin/c++     -o CMakeFiles/cmTryCompileExec3436940115.dir/CMakeCXXCompilerABI.cpp.o -c /usr/share/cmake-3.2/Modules/CMakeCXXCompilerABI.cpp
Linking CXX executable cmTryCompileExec3436940115
/usr/bin/cmake -E cmake_link_script CMakeFiles/cmTryCompileExec3436940115.dir/link.txt --verbose=1
/usr/bin/c++       -v CMakeFiles/cmTryCompileExec3436940115.dir/CMakeCXXCompilerABI.cpp.o  -o cmTryCompileExec3436940115 -rdynamic  
Using built-in specs.
COLLECT_GCC=/usr/bin/c++
COLLECT_LTO_WRAPPER=/usr/lib/gcc/x86_64-linux-gnu/5/lto-wrapper
Target: x86_64-linux-gnu
Configured with: ../src/configure -v --with-pkgversion='Ubuntu 5.2.1-22ubuntu2' --with-bugurl=file:///usr/share/doc/gcc-5/README.Bugs --enable-languages=c,ada,c++,java,go,d,fortran,objc,obj-c++ --prefix=/usr --program-suffix=-5 --enable-shared --enable-linker-build-id --libexecdir=/usr/lib --without-included-gettext --enable-threads=posix --libdir=/usr/lib --enable-nls --with-sysroot=/ --enable-clocale=gnu --enable-libstdcxx-debug --enable-libstdcxx-time=yes --with-default-libstdcxx-abi=new --enable-gnu-unique-object --disable-vtable-verify --enable-libmpx --enable-plugin --with-system-zlib --disable-browser-plugin --enable-java-awt=gtk --enable-gtk-cairo --with-java-home=/usr/lib/jvm/java-1.5.0-gcj-5-amd64/jre --enable-java-home --with-jvm-root-dir=/usr/lib/jvm/java-1.5.0-gcj-5-amd64 --with-jvm-jar-dir=/usr/lib/jvm-exports/java-1.5.0-gcj-5-amd64 --with-arch-directory=amd64 --with-ecj-jar=/usr/share/java/eclipse-ecj.jar --enable-objc-gc --enable-multiarch --disable-werror --with-arch-32=i686 --with-abi=m64 --with-multilib-list=m32,m64,mx32 --enable-multilib --with-tune=generic --enable-checking=release --build=x86_64-linux-gnu --host=x86_64-linux-gnu --target=x86_64-linux-gnu
Thread model: posix
gcc version 5.2.1 20151010 (Ubuntu 5.2.1-22ubuntu2) 
COMPILER_PATH=/usr/lib/gcc/x86_64-linux-gnu/5/:/usr/lib/gcc/x86_64-linux-gnu/5/:/usr/lib/gcc/x86_64-linux-gnu/:/usr/lib/gcc/x86_64-linux-gnu/5/:/usr/lib/gcc/x86_64-linux-gnu/
LIBRARY_PATH=/usr/lib/gcc/x86_64-linux-gnu/5/:/usr/lib/gcc/x86_64-linux-gnu/5/../../../x86_64-linux-gnu/:/usr/lib/gcc/x86_64-linux-gnu/5/../../../../lib/:/lib/x86_64-linux-gnu/:/lib/../lib/:/usr/lib/x86_64-linux-gnu/:/usr/lib/../lib/:/usr/lib/gcc/x86_64-linux-gnu/5/../../../:/lib/:/usr/lib/
COLLECT_GCC_OPTIONS='-v' '-o' 'cmTryCompileExec3436940115' '-rdynamic' '-shared-libgcc' '-mtune=generic' '-march=x86-64'
 /usr/lib/gcc/x86_64-linux-gnu/5/collect2 -plugin /usr/lib/gcc/x86_64-linux-gnu/5/liblto_plugin.so -plugin-opt=/usr/lib/gcc/x86_64-linux-gnu/5/lto-wrapper -plugin-opt=-fresolution=/tmp/ccPV8Qse.res -plugin-opt=-pass-through=-lgcc_s -plugin-opt=-pass-through=-lgcc -plugin-opt=-pass-through=-lc -plugin-opt=-pass-through=-lgcc_s -plugin-opt=-pass-through=-lgcc --sysroot=/ --build-id --eh-frame-hdr -m elf_x86_64 --hash-style=gnu --as-needed -export-dynamic -dynamic-linker /lib64/ld-linux-x86-64.so.2 -z relro -o cmTryCompileExec3436940115 /usr/lib/gcc/x86_64-linux-gnu/5/../../../x86_64-linux-gnu/crt1.o /usr/lib/gcc/x86_64-linux-gnu/5/../../../x86_64-linux-gnu/crti.o /usr/lib/gcc/x86_64-linux-gnu/5/crtbegin.o -L/usr/lib/gcc/x86_64-linux-gnu/5 -L/usr/lib/gcc/x86_64-linux-gnu/5/../../../x86_64-linux-gnu -L/usr/lib/gcc/x86_64-linux-gnu/5/../../../../lib -L/lib/x86_64-linux-gnu -L/lib/../lib -L/usr/lib/x86_64-linux-gnu -L/usr/lib/../lib -L/usr/lib/gcc/x86_64-linux-gnu/5/../../.. CMakeFiles/cmTryCompileExec3436940115.dir/CMakeCXXCompilerABI.cpp.o -lstdc++ -lm -lgcc_s -lgcc -lc -lgcc_s -lgcc /usr/lib/gcc/x86_64-linux-gnu/5/crtend.o /usr/lib/gcc/x86_64-linux-gnu/5/../../../x86_64-linux-gnu/crtn.o
make[1]: Leaving directory '/home/taciomcosta/Área de Trabalho/Linguagem C/Head_First/LAB 2/cmake_binary_dir/CMakeFiles/CMakeTmp'


Parsed CXX implicit link information from above output:
  link line regex: [^( *|.*[/\])(ld|([^/\]+-)?ld|collect2)[^/\]*( |$)]
  ignore line: [Change Dir: /home/taciomcosta/Área de Trabalho/Linguagem C/Head_First/LAB 2/cmake_binary_dir/CMakeFiles/CMakeTmp]
  ignore line: []
  ignore line: [Run Build Command:"/usr/bin/make" "cmTryCompileExec3436940115/fast"]
  ignore line: [/usr/bin/make -f CMakeFiles/cmTryCompileExec3436940115.dir/build.make CMakeFiles/cmTryCompileExec3436940115.dir/build]
  ignore line: [make[1]: Entering directory '/home/taciomcosta/Área de Trabalho/Linguagem C/Head_First/LAB 2/cmake_binary_dir/CMakeFiles/CMakeTmp']
  ignore line: [/usr/bin/cmake -E cmake_progress_report "/home/taciomcosta/Área de Trabalho/Linguagem C/Head_First/LAB 2/cmake_binary_dir/CMakeFiles/CMakeTmp/CMakeFiles" 1]
  ignore line: [Building CXX object CMakeFiles/cmTryCompileExec3436940115.dir/CMakeCXXCompilerABI.cpp.o]
  ignore line: [/usr/bin/c++     -o CMakeFiles/cmTryCompileExec3436940115.dir/CMakeCXXCompilerABI.cpp.o -c /usr/share/cmake-3.2/Modules/CMakeCXXCompilerABI.cpp]
  ignore line: [Linking CXX executable cmTryCompileExec3436940115]
  ignore line: [/usr/bin/cmake -E cmake_link_script CMakeFiles/cmTryCompileExec3436940115.dir/link.txt --verbose=1]
  ignore line: [/usr/bin/c++       -v CMakeFiles/cmTryCompileExec3436940115.dir/CMakeCXXCompilerABI.cpp.o  -o cmTryCompileExec3436940115 -rdynamic  ]
  ignore line: [Using built-in specs.]
  ignore line: [COLLECT_GCC=/usr/bin/c++]
  ignore line: [COLLECT_LTO_WRAPPER=/usr/lib/gcc/x86_64-linux-gnu/5/lto-wrapper]
  ignore line: [Target: x86_64-linux-gnu]
  ignore line: [Configured with: ../src/configure -v --with-pkgversion='Ubuntu 5.2.1-22ubuntu2' --with-bugurl=file:///usr/share/doc/gcc-5/README.Bugs --enable-languages=c,ada,c++,java,go,d,fortran,objc,obj-c++ --prefix=/usr --program-suffix=-5 --enable-shared --enable-linker-build-id --libexecdir=/usr/lib --without-included-gettext --enable-threads=posix --libdir=/usr/lib --enable-nls --with-sysroot=/ --enable-clocale=gnu --enable-libstdcxx-debug --enable-libstdcxx-time=yes --with-default-libstdcxx-abi=new --enable-gnu-unique-object --disable-vtable-verify --enable-libmpx --enable-plugin --with-system-zlib --disable-browser-plugin --enable-java-awt=gtk --enable-gtk-cairo --with-java-home=/usr/lib/jvm/java-1.5.0-gcj-5-amd64/jre --enable-java-home --with-jvm-root-dir=/usr/lib/jvm/java-1.5.0-gcj-5-amd64 --with-jvm-jar-dir=/usr/lib/jvm-exports/java-1.5.0-gcj-5-amd64 --with-arch-directory=amd64 --with-ecj-jar=/usr/share/java/eclipse-ecj.jar --enable-objc-gc --enable-multiarch --disable-werror --with-arch-32=i686 --with-abi=m64 --with-multilib-list=m32,m64,mx32 --enable-multilib --with-tune=generic --enable-checking=release --build=x86_64-linux-gnu --host=x86_64-linux-gnu --target=x86_64-linux-gnu]
  ignore line: [Thread model: posix]
  ignore line: [gcc version 5.2.1 20151010 (Ubuntu 5.2.1-22ubuntu2) ]
  ignore line: [COMPILER_PATH=/usr/lib/gcc/x86_64-linux-gnu/5/:/usr/lib/gcc/x86_64-linux-gnu/5/:/usr/lib/gcc/x86_64-linux-gnu/:/usr/lib/gcc/x86_64-linux-gnu/5/:/usr/lib/gcc/x86_64-linux-gnu/]
  ignore line: [LIBRARY_PATH=/usr/lib/gcc/x86_64-linux-gnu/5/:/usr/lib/gcc/x86_64-linux-gnu/5/../../../x86_64-linux-gnu/:/usr/lib/gcc/x86_64-linux-gnu/5/../../../../lib/:/lib/x86_64-linux-gnu/:/lib/../lib/:/usr/lib/x86_64-linux-gnu/:/usr/lib/../lib/:/usr/lib/gcc/x86_64-linux-gnu/5/../../../:/lib/:/usr/lib/]
  ignore line: [COLLECT_GCC_OPTIONS='-v' '-o' 'cmTryCompileExec3436940115' '-rdynamic' '-shared-libgcc' '-mtune=generic' '-march=x86-64']
  link line: [ /usr/lib/gcc/x86_64-linux-gnu/5/collect2 -plugin /usr/lib/gcc/x86_64-linux-gnu/5/liblto_plugin.so -plugin-opt=/usr/lib/gcc/x86_64-linux-gnu/5/lto-wrapper -plugin-opt=-fresolution=/tmp/ccPV8Qse.res -plugin-opt=-pass-through=-lgcc_s -plugin-opt=-pass-through=-lgcc -plugin-opt=-pass-through=-lc -plugin-opt=-pass-through=-lgcc_s -plugin-opt=-pass-through=-lgcc --sysroot=/ --build-id --eh-frame-hdr -m elf_x86_64 --hash-style=gnu --as-needed -export-dynamic -dynamic-linker /lib64/ld-linux-x86-64.so.2 -z relro -o cmTryCompileExec3436940115 /usr/lib/gcc/x86_64-linux-gnu/5/../../../x86_64-linux-gnu/crt1.o /usr/lib/gcc/x86_64-linux-gnu/5/../../../x86_64-linux-gnu/crti.o /usr/lib/gcc/x86_64-linux-gnu/5/crtbegin.o -L/usr/lib/gcc/x86_64-linux-gnu/5 -L/usr/lib/gcc/x86_64-linux-gnu/5/../../../x86_64-linux-gnu -L/usr/lib/gcc/x86_64-linux-gnu/5/../../../../lib -L/lib/x86_64-linux-gnu -L/lib/../lib -L/usr/lib/x86_64-linux-gnu -L/usr/lib/../lib -L/usr/lib/gcc/x86_64-linux-gnu/5/../../.. CMakeFiles/cmTryCompileExec3436940115.dir/CMakeCXXCompilerABI.cpp.o -lstdc++ -lm -lgcc_s -lgcc -lc -lgcc_s -lgcc /usr/lib/gcc/x86_64-linux-gnu/5/crtend.o /usr/lib/gcc/x86_64-linux-gnu/5/../../../x86_64-linux-gnu/crtn.o]
    arg [/usr/lib/gcc/x86_64-linux-gnu/5/collect2] ==> ignore
    arg [-plugin] ==> ignore
    arg [/usr/lib/gcc/x86_64-linux-gnu/5/liblto_plugin.so] ==> ignore
    arg [-plugin-opt=/usr/lib/gcc/x86_64-linux-gnu/5/lto-wrapper] ==> ignore
    arg [-plugin-opt=-fresolution=/tmp/ccPV8Qse.res] ==> ignore
    arg [-plugin-opt=-pass-through=-lgcc_s] ==> ignore
    arg [-plugin-opt=-pass-through=-lgcc] ==> ignore
    arg [-plugin-opt=-pass-through=-lc] ==> ignore
    arg [-plugin-opt=-pass-through=-lgcc_s] ==> ignore
    arg [-plugin-opt=-pass-through=-lgcc] ==> ignore
    arg [--sysroot=/] ==> ignore
    arg [--build-id] ==> ignore
    arg [--eh-frame-hdr] ==> ignore
    arg [-m] ==> ignore
    arg [elf_x86_64] ==> ignore
    arg [--hash-style=gnu] ==> ignore
    arg [--as-needed] ==> ignore
    arg [-export-dynamic] ==> ignore
    arg [-dynamic-linker] ==> ignore
    arg [/lib64/ld-linux-x86-64.so.2] ==> ignore
    arg [-zrelro] ==> ignore
    arg [-o] ==> ignore
    arg [cmTryCompileExec3436940115] ==> ignore
    arg [/usr/lib/gcc/x86_64-linux-gnu/5/../../../x86_64-linux-gnu/crt1.o] ==> ignore
    arg [/usr/lib/gcc/x86_64-linux-gnu/5/../../../x86_64-linux-gnu/crti.o] ==> ignore
    arg [/usr/lib/gcc/x86_64-linux-gnu/5/crtbegin.o] ==> ignore
    arg [-L/usr/lib/gcc/x86_64-linux-gnu/5] ==> dir [/usr/lib/gcc/x86_64-linux-gnu/5]
    arg [-L/usr/lib/gcc/x86_64-linux-gnu/5/../../../x86_64-linux-gnu] ==> dir [/usr/lib/gcc/x86_64-linux-gnu/5/../../../x86_64-linux-gnu]
    arg [-L/usr/lib/gcc/x86_64-linux-gnu/5/../../../../lib] ==> dir [/usr/lib/gcc/x86_64-linux-gnu/5/../../../../lib]
    arg [-L/lib/x86_64-linux-gnu] ==> dir [/lib/x86_64-linux-gnu]
    arg [-L/lib/../lib] ==> dir [/lib/../lib]
    arg [-L/usr/lib/x86_64-linux-gnu] ==> dir [/usr/lib/x86_64-linux-gnu]
    arg [-L/usr/lib/../lib] ==> dir [/usr/lib/../lib]
    arg [-L/usr/lib/gcc/x86_64-linux-gnu/5/../../..] ==> dir [/usr/lib/gcc/x86_64-linux-gnu/5/../../..]
    arg [CMakeFiles/cmTryCompileExec3436940115.dir/CMakeCXXCompilerABI.cpp.o] ==> ignore
    arg [-lstdc++] ==> lib [stdc++]
    arg [-lm] ==> lib [m]
    arg [-lgcc_s] ==> lib [gcc_s]
    arg [-lgcc] ==> lib [gcc]
    arg [-lc] ==> lib [c]
    arg [-lgcc_s] ==> lib [gcc_s]
    arg [-lgcc] ==> lib [gcc]
    arg [/usr/lib/gcc/x86_64-linux-gnu/5/crtend.o] ==> ignore
    arg [/usr/lib/gcc/x86_64-linux-gnu/5/../../../x86_64-linux-gnu/crtn.o] ==> ignore
  remove lib [gcc_s]
  remove lib [gcc]
  remove lib [gcc_s]
  remove lib [gcc]
  collapse library dir [/usr/lib/gcc/x86_64-linux-gnu/5] ==> [/usr/lib/gcc/x86_64-linux-gnu/5]
  collapse library dir [/usr/lib/gcc/x86_64-linux-gnu/5/../../../x86_64-linux-gnu] ==> [/usr/lib/x86_64-linux-gnu]
  collapse library dir [/usr/lib/gcc/x86_64-linux-gnu/5/../../../../lib] ==> [/usr/lib]
  collapse library dir [/lib/x86_64-linux-gnu] ==> [/lib/x86_64-linux-gnu]
  collapse library dir [/lib/../lib] ==> [/lib]
  collapse library dir [/usr/lib/x86_64-linux-gnu] ==> [/usr/lib/x86_64-linux-gnu]
  collapse library dir [/usr/lib/../lib] ==> [/usr/lib]
  collapse library dir [/usr/lib/gcc/x86_64-linux-gnu/5/../../..] ==> [/usr/lib]
  implicit libs: [stdc++;m;c]
  implicit dirs: [/usr/lib/gcc/x86_64-linux-gnu/5;/usr/lib/x86_64-linux-gnu;/usr/lib;/lib/x86_64-linux-gnu;/lib]
  implicit fwks: []




Detecting CXX [-std=c++14] compiler features compiled with the following output:
Change Dir: /home/taciomcosta/Área de Trabalho/Linguagem C/Head_First/LAB 2/cmake_binary_dir/CMakeFiles/CMakeTmp

Run Build Command:"/usr/bin/make" "cmTryCompileExec2258383386/fast"
/usr/bin/make -f CMakeFiles/cmTryCompileExec2258383386.dir/build.make CMakeFiles/cmTryCompileExec2258383386.dir/build
make[1]: Entering directory '/home/taciomcosta/Área de Trabalho/Linguagem C/Head_First/LAB 2/cmake_binary_dir/CMakeFiles/CMakeTmp'
/usr/bin/cmake -E cmake_progress_report "/home/taciomcosta/Área de Trabalho/Linguagem C/Head_First/LAB 2/cmake_binary_dir/CMakeFiles/CMakeTmp/CMakeFiles" 1
Building CXX object CMakeFiles/cmTryCompileExec2258383386.dir/feature_tests.cxx.o
/usr/bin/c++    -std=c++14 -o CMakeFiles/cmTryCompileExec2258383386.dir/feature_tests.cxx.o -c "/home/taciomcosta/Área de Trabalho/Linguagem C/Head_First/LAB 2/cmake_binary_dir/CMakeFiles/feature_tests.cxx"
Linking CXX executable cmTryCompileExec2258383386
/usr/bin/cmake -E cmake_link_script CMakeFiles/cmTryCompileExec2258383386.dir/link.txt --verbose=1
/usr/bin/c++        CMakeFiles/cmTryCompileExec2258383386.dir/feature_tests.cxx.o  -o cmTryCompileExec2258383386 -rdynamic 
make[1]: Leaving directory '/home/taciomcosta/Área de Trabalho/Linguagem C/Head_First/LAB 2/cmake_binary_dir/CMakeFiles/CMakeTmp'


    Feature record: CXX_FEATURE:1cxx_aggregate_default_initializers
    Feature record: CXX_FEATURE:1cxx_alias_templates
    Feature record: CXX_FEATURE:1cxx_alignas
    Feature record: CXX_FEATURE:1cxx_alignof
    Feature record: CXX_FEATURE:1cxx_attributes
    Feature record: CXX_FEATURE:1cxx_attribute_deprecated
    Feature record: CXX_FEATURE:1cxx_auto_type
    Feature record: CXX_FEATURE:1cxx_binary_literals
    Feature record: CXX_FEATURE:1cxx_constexpr
    Feature record: CXX_FEATURE:1cxx_contextual_conversions
    Feature record: CXX_FEATURE:1cxx_decltype
    Feature record: CXX_FEATURE:1cxx_decltype_auto
    Feature record: CXX_FEATURE:1cxx_decltype_incomplete_return_types
    Feature record: CXX_FEATURE:1cxx_default_function_template_args
    Feature record: CXX_FEATURE:1cxx_defaulted_functions
    Feature record: CXX_FEATURE:1cxx_defaulted_move_initializers
    Feature record: CXX_FEATURE:1cxx_delegating_constructors
    Feature record: CXX_FEATURE:1cxx_deleted_functions
    Feature record: CXX_FEATURE:1cxx_digit_separators
    Feature record: CXX_FEATURE:1cxx_enum_forward_declarations
    Feature record: CXX_FEATURE:1cxx_explicit_conversions
    Feature record: CXX_FEATURE:1cxx_extended_friend_declarations
    Feature record: CXX_FEATURE:1cxx_extern_templates
    Feature record: CXX_FEATURE:1cxx_final
    Feature record: CXX_FEATURE:1cxx_func_identifier
    Feature record: CXX_FEATURE:1cxx_generalized_initializers
    Feature record: CXX_FEATURE:1cxx_generic_lambdas
    Feature record: CXX_FEATURE:1cxx_inheriting_constructors
    Feature record: CXX_FEATURE:1cxx_inline_namespaces
    Feature record: CXX_FEATURE:1cxx_lambdas
    Feature record: CXX_FEATURE:1cxx_lambda_init_captures
    Feature record: CXX_FEATURE:1cxx_local_type_template_args
    Feature record: CXX_FEATURE:1cxx_long_long_type
    Feature record: CXX_FEATURE:1cxx_noexcept
    Feature record: CXX_FEATURE:1cxx_nonstatic_member_init
    Feature record: CXX_FEATURE:1cxx_nullptr
    Feature record: CXX_FEATURE:1cxx_override
    Feature record: CXX_FEATURE:1cxx_range_for
    Feature record: CXX_FEATURE:1cxx_raw_string_literals
    Feature record: CXX_FEATURE:1cxx_reference_qualified_functions
    Feature record: CXX_FEATURE:1cxx_relaxed_constexpr
    Feature record: CXX_FEATURE:1cxx_return_type_deduction
    Feature record: CXX_FEATURE:1cxx_right_angle_brackets
    Feature record: CXX_FEATURE:1cxx_rvalue_references
    Feature record: CXX_FEATURE:1cxx_sizeof_member
    Feature record: CXX_FEATURE:1cxx_static_assert
    Feature record: CXX_FEATURE:1cxx_strong_enums
    Feature record: CXX_FEATURE:1cxx_template_template_parameters
    Feature record: CXX_FEATURE:1cxx_thread_local
    Feature record: CXX_FEATURE:1cxx_trailing_return_types
    Feature record: CXX_FEATURE:1cxx_unicode_literals
    Feature record: CXX_FEATURE:1cxx_uniform_initialization
    Feature record: CXX_FEATURE:1cxx_unrestricted_unions
    Feature record: CXX_FEATURE:1cxx_user_literals
    Feature record: CXX_FEATURE:1cxx_variable_templates
    Feature record: CXX_FEATURE:1cxx_variadic_macros
    Feature record: CXX_FEATURE:1cxx_variadic_templates


Detecting CXX [-std=c++11] compiler features compiled with the following output:
Change Dir: /home/taciomcosta/Área de Trabalho/Linguagem C/Head_First/LAB 2/cmake_binary_dir/CMakeFiles/CMakeTmp

Run Build Command:"/usr/bin/make" "cmTryCompileExec2479088382/fast"
/usr/bin/make -f CMakeFiles/cmTryCompileExec2479088382.dir/build.make CMakeFiles/cmTryCompileExec2479088382.dir/build
make[1]: Entering directory '/home/taciomcosta/Área de Trabalho/Linguagem C/Head_First/LAB 2/cmake_binary_dir/CMakeFiles/CMakeTmp'
/usr/bin/cmake -E cmake_progress_report "/home/taciomcosta/Área de Trabalho/Linguagem C/Head_First/LAB 2/cmake_binary_dir/CMakeFiles/CMakeTmp/CMakeFiles" 1
Building CXX object CMakeFiles/cmTryCompileExec2479088382.dir/feature_tests.cxx.o
/usr/bin/c++    -std=c++11 -o CMakeFiles/cmTryCompileExec2479088382.dir/feature_tests.cxx.o -c "/home/taciomcosta/Área de Trabalho/Linguagem C/Head_First/LAB 2/cmake_binary_dir/CMakeFiles/feature_tests.cxx"
Linking CXX executable cmTryCompileExec2479088382
/usr/bin/cmake -E cmake_link_script CMakeFiles/cmTryCompileExec2479088382.dir/link.txt --verbose=1
/usr/bin/c++        CMakeFiles/cmTryCompileExec2479088382.dir/feature_tests.cxx.o  -o cmTryCompileExec2479088382 -rdynamic 
make[1]: Leaving directory '/home/taciomcosta/Área de Trabalho/Linguagem C/Head_First/LAB 2/cmake_binary_dir/CMakeFiles/CMakeTmp'


    Feature record: CXX_FEATURE:0cxx_aggregate_default_initializers
    Feature record: CXX_FEATURE:1cxx_alias_templates
    Feature record: CXX_FEATURE:1cxx_alignas
    Feature record: CXX_FEATURE:1cxx_alignof
    Feature record: CXX_FEATURE:1cxx_attributes
    Feature record: CXX_FEATURE:0cxx_attribute_deprecated
    Feature record: CXX_FEATURE:1cxx_auto_type
    Feature record: CXX_FEATURE:0cxx_binary_literals
    Feature record: CXX_FEATURE:1cxx_constexpr
    Feature record: CXX_FEATURE:0cxx_contextual_conversions
    Feature record: CXX_FEATURE:1cxx_decltype
    Feature record: CXX_FEATURE:0cxx_decltype_auto
    Feature record: CXX_FEATURE:1cxx_decltype_incomplete_return_types
    Feature record: CXX_FEATURE:1cxx_default_function_template_args
    Feature record: CXX_FEATURE:1cxx_defaulted_functions
    Feature record: CXX_FEATURE:1cxx_defaulted_move_initializers
    Feature record: CXX_FEATURE:1cxx_delegating_constructors
    Feature record: CXX_FEATURE:1cxx_deleted_functions
    Feature record: CXX_FEATURE:0cxx_digit_separators
    Feature record: CXX_FEATURE:1cxx_enum_forward_declarations
    Feature record: CXX_FEATURE:1cxx_explicit_conversions
    Feature record: CXX_FEATURE:1cxx_extended_friend_declarations
    Feature record: CXX_FEATURE:1cxx_extern_templates
    Feature record: CXX_FEATURE:1cxx_final
    Feature record: CXX_FEATURE:1cxx_func_identifier
    Feature record: CXX_FEATURE:1cxx_generalized_initializers
    Feature record: CXX_FEATURE:0cxx_generic_lambdas
    Feature record: CXX_FEATURE:1cxx_inheriting_constructors
    Feature record: CXX_FEATURE:1cxx_inline_namespaces
    Feature record: CXX_FEATURE:1cxx_lambdas
    Feature record: CXX_FEATURE:0cxx_lambda_init_captures
    Feature record: CXX_FEATURE:1cxx_local_type_template_args
    Feature record: CXX_FEATURE:1cxx_long_long_type
    Feature record: CXX_FEATURE:1cxx_noexcept
    Feature record: CXX_FEATURE:1cxx_nonstatic_member_init
    Feature record: CXX_FEATURE:1cxx_nullptr
    Feature record: CXX_FEATURE:1cxx_override
    Feature record: CXX_FEATURE:1cxx_range_for
    Feature record: CXX_FEATURE:1cxx_raw_string_literals
    Feature record: CXX_FEATURE:1cxx_reference_qualified_functions
    Feature record: CXX_FEATURE:0cxx_relaxed_constexpr
    Feature record: CXX_FEATURE:0cxx_return_type_deduction
    Feature record: CXX_FEATURE:1cxx_right_angle_brackets
    Feature record: CXX_FEATURE:1cxx_rvalue_references
    Feature record: CXX_FEATURE:1cxx_sizeof_member
    Feature record: CXX_FEATURE:1cxx_static_assert
    Feature record: CXX_FEATURE:1cxx_strong_enums
    Feature record: CXX_FEATURE:1cxx_template_template_parameters
    Feature record: CXX_FEATURE:1cxx_thread_local
    Feature record: CXX_FEATURE:1cxx_trailing_return_types
    Feature record: CXX_FEATURE:1cxx_unicode_literals
    Feature record: CXX_FEATURE:1cxx_uniform_initialization
    Feature record: CXX_FEATURE:1cxx_unrestricted_unions
    Feature record: CXX_FEATURE:1cxx_user_literals
    Feature record: CXX_FEATURE:0cxx_variable_templates
    Feature record: CXX_FEATURE:1cxx_variadic_macros
    Feature record: CXX_FEATURE:1cxx_variadic_templates


Detecting CXX [-std=c++98] compiler features compiled with the following output:
Change Dir: /home/taciomcosta/Área de Trabalho/Linguagem C/Head_First/LAB 2/cmake_binary_dir/CMakeFiles/CMakeTmp

Run Build Command:"/usr/bin/make" "cmTryCompileExec739618399/fast"
/usr/bin/make -f CMakeFiles/cmTryCompileExec739618399.dir/build.make CMakeFiles/cmTryCompileExec739618399.dir/build
make[1]: Entering directory '/home/taciomcosta/Área de Trabalho/Linguagem C/Head_First/LAB 2/cmake_binary_dir/CMakeFiles/CMakeTmp'
/usr/bin/cmake -E cmake_progress_report "/home/taciomcosta/Área de Trabalho/Linguagem C/Head_First/LAB 2/cmake_binary_dir/CMakeFiles/CMakeTmp/CMakeFiles" 1
Building CXX object CMakeFiles/cmTryCompileExec739618399.dir/feature_tests.cxx.o
/usr/bin/c++    -std=c++98 -o CMakeFiles/cmTryCompileExec739618399.dir/feature_tests.cxx.o -c "/home/taciomcosta/Área de Trabalho/Linguagem C/Head_First/LAB 2/cmake_binary_dir/CMakeFiles/feature_tests.cxx"
Linking CXX executable cmTryCompileExec739618399
/usr/bin/cmake -E cmake_link_script CMakeFiles/cmTryCompileExec739618399.dir/link.txt --verbose=1
/usr/bin/c++        CMakeFiles/cmTryCompileExec739618399.dir/feature_tests.cxx.o  -o cmTryCompileExec739618399 -rdynamic 
make[1]: Leaving directory '/home/taciomcosta/Área de Trabalho/Linguagem C/Head_First/LAB 2/cmake_binary_dir/CMakeFiles/CMakeTmp'


    Feature record: CXX_FEATURE:0cxx_aggregate_default_initializers
    Feature record: CXX_FEATURE:0cxx_alias_templates
    Feature record: CXX_FEATURE:0cxx_alignas
    Feature record: CXX_FEATURE:0cxx_alignof
    Feature record: CXX_FEATURE:0cxx_attributes
    Feature record: CXX_FEATURE:0cxx_attribute_deprecated
    Feature record: CXX_FEATURE:0cxx_auto_type
    Feature record: CXX_FEATURE:0cxx_binary_literals
    Feature record: CXX_FEATURE:0cxx_constexpr
    Feature record: CXX_FEATURE:0cxx_contextual_conversions
    Feature record: CXX_FEATURE:0cxx_decltype
    Feature record: CXX_FEATURE:0cxx_decltype_auto
    Feature record: CXX_FEATURE:0cxx_decltype_incomplete_return_types
    Feature record: CXX_FEATURE:0cxx_default_function_template_args
    Feature record: CXX_FEATURE:0cxx_defaulted_functions
    Feature record: CXX_FEATURE:0cxx_defaulted_move_initializers
    Feature record: CXX_FEATURE:0cxx_delegating_constructors
    Feature record: CXX_FEATURE:0cxx_deleted_functions
    Feature record: CXX_FEATURE:0cxx_digit_separators
    Feature record: CXX_FEATURE:0cxx_enum_forward_declarations
    Feature record: CXX_FEATURE:0cxx_explicit_conversions
    Feature record: CXX_FEATURE:0cxx_extended_friend_declarations
    Feature record: CXX_FEATURE:0cxx_extern_templates
    Feature record: CXX_FEATURE:0cxx_final
    Feature record: CXX_FEATURE:0cxx_func_identifier
    Feature record: CXX_FEATURE:0cxx_generalized_initializers
    Feature record: CXX_FEATURE:0cxx_generic_lambdas
    Feature record: CXX_FEATURE:0cxx_inheriting_constructors
    Feature record: CXX_FEATURE:0cxx_inline_namespaces
    Feature record: CXX_FEATURE:0cxx_lambdas
    Feature record: CXX_FEATURE:0cxx_lambda_init_captures
    Feature record: CXX_FEATURE:0cxx_local_type_template_args
    Feature record: CXX_FEATURE:0cxx_long_long_type
    Feature record: CXX_FEATURE:0cxx_noexcept
    Feature record: CXX_FEATURE:0cxx_nonstatic_member_init
    Feature record: CXX_FEATURE:0cxx_nullptr
    Feature record: CXX_FEATURE:0cxx_override
    Feature record: CXX_FEATURE:0cxx_range_for
    Feature record: CXX_FEATURE:0cxx_raw_string_literals
    Feature record: CXX_FEATURE:0cxx_reference_qualified_functions
    Feature record: CXX_FEATURE:0cxx_relaxed_constexpr
    Feature record: CXX_FEATURE:0cxx_return_type_deduction
    Feature record: CXX_FEATURE:0cxx_right_angle_brackets
    Feature record: CXX_FEATURE:0cxx_rvalue_references
    Feature record: CXX_FEATURE:0cxx_sizeof_member
    Feature record: CXX_FEATURE:0cxx_static_assert
    Feature record: CXX_FEATURE:0cxx_strong_enums
    Feature record: CXX_FEATURE:1cxx_template_template_parameters
    Feature record: CXX_FEATURE:0cxx_thread_local
    Feature record: CXX_FEATURE:0cxx_trailing_return_types
    Feature record: CXX_FEATURE:0cxx_unicode_literals
    Feature record: CXX_FEATURE:0cxx_uniform_initialization
    Feature record: CXX_FEATURE:0cxx_unrestricted_unions
    Feature record: CXX_FEATURE:0cxx_user_literals
    Feature record: CXX_FEATURE:0cxx_variable_templates
    Feature record: CXX_FEATURE:0cxx_variadic_macros
    Feature record: CXX_FEATURE:0cxx_variadic_templates
Determining if the C compiler works passed with the following output:
Change Dir: /home/taciomcosta/Área de Trabalho/Linguagem C/Head_First/LAB 2/cmake_binary_dir/CMakeFiles/CMakeTmp

Run Build Command:"/usr/bin/make" "cmTryCompileExec4036543856/fast"
/usr/bin/make -f CMakeFiles/cmTryCompileExec4036543856.dir/build.make CMakeFiles/cmTryCompileExec4036543856.dir/build
make[1]: Entering directory '/home/taciomcosta/Área de Trabalho/Linguagem C/Head_First/LAB 2/cmake_binary_dir/CMakeFiles/CMakeTmp'
/usr/bin/cmake -E cmake_progress_report "/home/taciomcosta/Área de Trabalho/Linguagem C/Head_First/LAB 2/cmake_binary_dir/CMakeFiles/CMakeTmp/CMakeFiles" 1
Building C object CMakeFiles/cmTryCompileExec4036543856.dir/testCCompiler.c.o
/usr/bin/cc    -o CMakeFiles/cmTryCompileExec4036543856.dir/testCCompiler.c.o   -c "/home/taciomcosta/Área de Trabalho/Linguagem C/Head_First/LAB 2/cmake_binary_dir/CMakeFiles/CMakeTmp/testCCompiler.c"
Linking C executable cmTryCompileExec4036543856
/usr/bin/cmake -E cmake_link_script CMakeFiles/cmTryCompileExec4036543856.dir/link.txt --verbose=1
/usr/bin/cc       CMakeFiles/cmTryCompileExec4036543856.dir/testCCompiler.c.o  -o cmTryCompileExec4036543856 -rdynamic 
make[1]: Leaving directory '/home/taciomcosta/Área de Trabalho/Linguagem C/Head_First/LAB 2/cmake_binary_dir/CMakeFiles/CMakeTmp'


Detecting C compiler ABI info compiled with the following output:
Change Dir: /home/taciomcosta/Área de Trabalho/Linguagem C/Head_First/LAB 2/cmake_binary_dir/CMakeFiles/CMakeTmp

Run Build Command:"/usr/bin/make" "cmTryCompileExec3296782744/fast"
/usr/bin/make -f CMakeFiles/cmTryCompileExec3296782744.dir/build.make CMakeFiles/cmTryCompileExec3296782744.dir/build
make[1]: Entering directory '/home/taciomcosta/Área de Trabalho/Linguagem C/Head_First/LAB 2/cmake_binary_dir/CMakeFiles/CMakeTmp'
/usr/bin/cmake -E cmake_progress_report "/home/taciomcosta/Área de Trabalho/Linguagem C/Head_First/LAB 2/cmake_binary_dir/CMakeFiles/CMakeTmp/CMakeFiles" 1
Building C object CMakeFiles/cmTryCompileExec3296782744.dir/CMakeCCompilerABI.c.o
/usr/bin/cc    -o CMakeFiles/cmTryCompileExec3296782744.dir/CMakeCCompilerABI.c.o   -c /usr/share/cmake-3.2/Modules/CMakeCCompilerABI.c
Linking C executable cmTryCompileExec3296782744
/usr/bin/cmake -E cmake_link_script CMakeFiles/cmTryCompileExec3296782744.dir/link.txt --verbose=1
/usr/bin/cc      -v CMakeFiles/cmTryCompileExec3296782744.dir/CMakeCCompilerABI.c.o  -o cmTryCompileExec3296782744 -rdynamic  
Using built-in specs.
COLLECT_GCC=/usr/bin/cc
COLLECT_LTO_WRAPPER=/usr/lib/gcc/x86_64-linux-gnu/5/lto-wrapper
Target: x86_64-linux-gnu
Configured with: ../src/configure -v --with-pkgversion='Ubuntu 5.2.1-22ubuntu2' --with-bugurl=file:///usr/share/doc/gcc-5/README.Bugs --enable-languages=c,ada,c++,java,go,d,fortran,objc,obj-c++ --prefix=/usr --program-suffix=-5 --enable-shared --enable-linker-build-id --libexecdir=/usr/lib --without-included-gettext --enable-threads=posix --libdir=/usr/lib --enable-nls --with-sysroot=/ --enable-clocale=gnu --enable-libstdcxx-debug --enable-libstdcxx-time=yes --with-default-libstdcxx-abi=new --enable-gnu-unique-object --disable-vtable-verify --enable-libmpx --enable-plugin --with-system-zlib --disable-browser-plugin --enable-java-awt=gtk --enable-gtk-cairo --with-java-home=/usr/lib/jvm/java-1.5.0-gcj-5-amd64/jre --enable-java-home --with-jvm-root-dir=/usr/lib/jvm/java-1.5.0-gcj-5-amd64 --with-jvm-jar-dir=/usr/lib/jvm-exports/java-1.5.0-gcj-5-amd64 --with-arch-directory=amd64 --with-ecj-jar=/usr/share/java/eclipse-ecj.jar --enable-objc-gc --enable-multiarch --disable-werror --with-arch-32=i686 --with-abi=m64 --with-multilib-list=m32,m64,mx32 --enable-multilib --with-tune=generic --enable-checking=release --build=x86_64-linux-gnu --host=x86_64-linux-gnu --target=x86_64-linux-gnu
Thread model: posix
gcc version 5.2.1 20151010 (Ubuntu 5.2.1-22ubuntu2) 
COMPILER_PATH=/usr/lib/gcc/x86_64-linux-gnu/5/:/usr/lib/gcc/x86_64-linux-gnu/5/:/usr/lib/gcc/x86_64-linux-gnu/:/usr/lib/gcc/x86_64-linux-gnu/5/:/usr/lib/gcc/x86_64-linux-gnu/
LIBRARY_PATH=/usr/lib/gcc/x86_64-linux-gnu/5/:/usr/lib/gcc/x86_64-linux-gnu/5/../../../x86_64-linux-gnu/:/usr/lib/gcc/x86_64-linux-gnu/5/../../../../lib/:/lib/x86_64-linux-gnu/:/lib/../lib/:/usr/lib/x86_64-linux-gnu/:/usr/lib/../lib/:/usr/lib/gcc/x86_64-linux-gnu/5/../../../:/lib/:/usr/lib/
COLLECT_GCC_OPTIONS='-v' '-o' 'cmTryCompileExec3296782744' '-rdynamic' '-mtune=generic' '-march=x86-64'
 /usr/lib/gcc/x86_64-linux-gnu/5/collect2 -plugin /usr/lib/gcc/x86_64-linux-gnu/5/liblto_plugin.so -plugin-opt=/usr/lib/gcc/x86_64-linux-gnu/5/lto-wrapper -plugin-opt=-fresolution=/tmp/cc9s420B.res -plugin-opt=-pass-through=-lgcc -plugin-opt=-pass-through=-lgcc_s -plugin-opt=-pass-through=-lc -plugin-opt=-pass-through=-lgcc -plugin-opt=-pass-through=-lgcc_s --sysroot=/ --build-id --eh-frame-hdr -m elf_x86_64 --hash-style=gnu --as-needed -export-dynamic -dynamic-linker /lib64/ld-linux-x86-64.so.2 -z relro -o cmTryCompileExec3296782744 /usr/lib/gcc/x86_64-linux-gnu/5/../../../x86_64-linux-gnu/crt1.o /usr/lib/gcc/x86_64-linux-gnu/5/../../../x86_64-linux-gnu/crti.o /usr/lib/gcc/x86_64-linux-gnu/5/crtbegin.o -L/usr/lib/gcc/x86_64-linux-gnu/5 -L/usr/lib/gcc/x86_64-linux-gnu/5/../../../x86_64-linux-gnu -L/usr/lib/gcc/x86_64-linux-gnu/5/../../../../lib -L/lib/x86_64-linux-gnu -L/lib/../lib -L/usr/lib/x86_64-linux-gnu -L/usr/lib/../lib -L/usr/lib/gcc/x86_64-linux-gnu/5/../../.. CMakeFiles/cmTryCompileExec3296782744.dir/CMakeCCompilerABI.c.o -lgcc --as-needed -lgcc_s --no-as-needed -lc -lgcc --as-needed -lgcc_s --no-as-needed /usr/lib/gcc/x86_64-linux-gnu/5/crtend.o /usr/lib/gcc/x86_64-linux-gnu/5/../../../x86_64-linux-gnu/crtn.o
make[1]: Leaving directory '/home/taciomcosta/Área de Trabalho/Linguagem C/Head_First/LAB 2/cmake_binary_dir/CMakeFiles/CMakeTmp'


Parsed C implicit link information from above output:
  link line regex: [^( *|.*[/\])(ld|([^/\]+-)?ld|collect2)[^/\]*( |$)]
  ignore line: [Change Dir: /home/taciomcosta/Área de Trabalho/Linguagem C/Head_First/LAB 2/cmake_binary_dir/CMakeFiles/CMakeTmp]
  ignore line: []
  ignore line: [Run Build Command:"/usr/bin/make" "cmTryCompileExec3296782744/fast"]
  ignore line: [/usr/bin/make -f CMakeFiles/cmTryCompileExec3296782744.dir/build.make CMakeFiles/cmTryCompileExec3296782744.dir/build]
  ignore line: [make[1]: Entering directory '/home/taciomcosta/Área de Trabalho/Linguagem C/Head_First/LAB 2/cmake_binary_dir/CMakeFiles/CMakeTmp']
  ignore line: [/usr/bin/cmake -E cmake_progress_report "/home/taciomcosta/Área de Trabalho/Linguagem C/Head_First/LAB 2/cmake_binary_dir/CMakeFiles/CMakeTmp/CMakeFiles" 1]
  ignore line: [Building C object CMakeFiles/cmTryCompileExec3296782744.dir/CMakeCCompilerABI.c.o]
  ignore line: [/usr/bin/cc    -o CMakeFiles/cmTryCompileExec3296782744.dir/CMakeCCompilerABI.c.o   -c /usr/share/cmake-3.2/Modules/CMakeCCompilerABI.c]
  ignore line: [Linking C executable cmTryCompileExec3296782744]
  ignore line: [/usr/bin/cmake -E cmake_link_script CMakeFiles/cmTryCompileExec3296782744.dir/link.txt --verbose=1]
  ignore line: [/usr/bin/cc      -v CMakeFiles/cmTryCompileExec3296782744.dir/CMakeCCompilerABI.c.o  -o cmTryCompileExec3296782744 -rdynamic  ]
  ignore line: [Using built-in specs.]
  ignore line: [COLLECT_GCC=/usr/bin/cc]
  ignore line: [COLLECT_LTO_WRAPPER=/usr/lib/gcc/x86_64-linux-gnu/5/lto-wrapper]
  ignore line: [Target: x86_64-linux-gnu]
  ignore line: [Configured with: ../src/configure -v --with-pkgversion='Ubuntu 5.2.1-22ubuntu2' --with-bugurl=file:///usr/share/doc/gcc-5/README.Bugs --enable-languages=c,ada,c++,java,go,d,fortran,objc,obj-c++ --prefix=/usr --program-suffix=-5 --enable-shared --enable-linker-build-id --libexecdir=/usr/lib --without-included-gettext --enable-threads=posix --libdir=/usr/lib --enable-nls --with-sysroot=/ --enable-clocale=gnu --enable-libstdcxx-debug --enable-libstdcxx-time=yes --with-default-libstdcxx-abi=new --enable-gnu-unique-object --disable-vtable-verify --enable-libmpx --enable-plugin --with-system-zlib --disable-browser-plugin --enable-java-awt=gtk --enable-gtk-cairo --with-java-home=/usr/lib/jvm/java-1.5.0-gcj-5-amd64/jre --enable-java-home --with-jvm-root-dir=/usr/lib/jvm/java-1.5.0-gcj-5-amd64 --with-jvm-jar-dir=/usr/lib/jvm-exports/java-1.5.0-gcj-5-amd64 --with-arch-directory=amd64 --with-ecj-jar=/usr/share/java/eclipse-ecj.jar --enable-objc-gc --enable-multiarch --disable-werror --with-arch-32=i686 --with-abi=m64 --with-multilib-list=m32,m64,mx32 --enable-multilib --with-tune=generic --enable-checking=release --build=x86_64-linux-gnu --host=x86_64-linux-gnu --target=x86_64-linux-gnu]
  ignore line: [Thread model: posix]
  ignore line: [gcc version 5.2.1 20151010 (Ubuntu 5.2.1-22ubuntu2) ]
  ignore line: [COMPILER_PATH=/usr/lib/gcc/x86_64-linux-gnu/5/:/usr/lib/gcc/x86_64-linux-gnu/5/:/usr/lib/gcc/x86_64-linux-gnu/:/usr/lib/gcc/x86_64-linux-gnu/5/:/usr/lib/gcc/x86_64-linux-gnu/]
  ignore line: [LIBRARY_PATH=/usr/lib/gcc/x86_64-linux-gnu/5/:/usr/lib/gcc/x86_64-linux-gnu/5/../../../x86_64-linux-gnu/:/usr/lib/gcc/x86_64-linux-gnu/5/../../../../lib/:/lib/x86_64-linux-gnu/:/lib/../lib/:/usr/lib/x86_64-linux-gnu/:/usr/lib/../lib/:/usr/lib/gcc/x86_64-linux-gnu/5/../../../:/lib/:/usr/lib/]
  ignore line: [COLLECT_GCC_OPTIONS='-v' '-o' 'cmTryCompileExec3296782744' '-rdynamic' '-mtune=generic' '-march=x86-64']
  link line: [ /usr/lib/gcc/x86_64-linux-gnu/5/collect2 -plugin /usr/lib/gcc/x86_64-linux-gnu/5/liblto_plugin.so -plugin-opt=/usr/lib/gcc/x86_64-linux-gnu/5/lto-wrapper -plugin-opt=-fresolution=/tmp/cc9s420B.res -plugin-opt=-pass-through=-lgcc -plugin-opt=-pass-through=-lgcc_s -plugin-opt=-pass-through=-lc -plugin-opt=-pass-through=-lgcc -plugin-opt=-pass-through=-lgcc_s --sysroot=/ --build-id --eh-frame-hdr -m elf_x86_64 --hash-style=gnu --as-needed -export-dynamic -dynamic-linker /lib64/ld-linux-x86-64.so.2 -z relro -o cmTryCompileExec3296782744 /usr/lib/gcc/x86_64-linux-gnu/5/../../../x86_64-linux-gnu/crt1.o /usr/lib/gcc/x86_64-linux-gnu/5/../../../x86_64-linux-gnu/crti.o /usr/lib/gcc/x86_64-linux-gnu/5/crtbegin.o -L/usr/lib/gcc/x86_64-linux-gnu/5 -L/usr/lib/gcc/x86_64-linux-gnu/5/../../../x86_64-linux-gnu -L/usr/lib/gcc/x86_64-linux-gnu/5/../../../../lib -L/lib/x86_64-linux-gnu -L/lib/../lib -L/usr/lib/x86_64-linux-gnu -L/usr/lib/../lib -L/usr/lib/gcc/x86_64-linux-gnu/5/../../.. CMakeFiles/cmTryCompileExec3296782744.dir/CMakeCCompilerABI.c.o -lgcc --as-needed -lgcc_s --no-as-needed -lc -lgcc --as-needed -lgcc_s --no-as-needed /usr/lib/gcc/x86_64-linux-gnu/5/crtend.o /usr/lib/gcc/x86_64-linux-gnu/5/../../../x86_64-linux-gnu/crtn.o]
    arg [/usr/lib/gcc/x86_64-linux-gnu/5/collect2] ==> ignore
    arg [-plugin] ==> ignore
    arg [/usr/lib/gcc/x86_64-linux-gnu/5/liblto_plugin.so] ==> ignore
    arg [-plugin-opt=/usr/lib/gcc/x86_64-linux-gnu/5/lto-wrapper] ==> ignore
    arg [-plugin-opt=-fresolution=/tmp/cc9s420B.res] ==> ignore
    arg [-plugin-opt=-pass-through=-lgcc] ==> ignore
    arg [-plugin-opt=-pass-through=-lgcc_s] ==> ignore
    arg [-plugin-opt=-pass-through=-lc] ==> ignore
    arg [-plugin-opt=-pass-through=-lgcc] ==> ignore
    arg [-plugin-opt=-pass-through=-lgcc_s] ==> ignore
    arg [--sysroot=/] ==> ignore
    arg [--build-id] ==> ignore
    arg [--eh-frame-hdr] ==> ignore
    arg [-m] ==> ignore
    arg [elf_x86_64] ==> ignore
    arg [--hash-style=gnu] ==> ignore
    arg [--as-needed] ==> ignore
    arg [-export-dynamic] ==> ignore
    arg [-dynamic-linker] ==> ignore
    arg [/lib64/ld-linux-x86-64.so.2] ==> ignore
    arg [-zrelro] ==> ignore
    arg [-o] ==> ignore
    arg [cmTryCompileExec3296782744] ==> ignore
    arg [/usr/lib/gcc/x86_64-linux-gnu/5/../../../x86_64-linux-gnu/crt1.o] ==> ignore
    arg [/usr/lib/gcc/x86_64-linux-gnu/5/../../../x86_64-linux-gnu/crti.o] ==> ignore
    arg [/usr/lib/gcc/x86_64-linux-gnu/5/crtbegin.o] ==> ignore
    arg [-L/usr/lib/gcc/x86_64-linux-gnu/5] ==> dir [/usr/lib/gcc/x86_64-linux-gnu/5]
    arg [-L/usr/lib/gcc/x86_64-linux-gnu/5/../../../x86_64-linux-gnu] ==> dir [/usr/lib/gcc/x86_64-linux-gnu/5/../../../x86_64-linux-gnu]
    arg [-L/usr/lib/gcc/x86_64-linux-gnu/5/../../../../lib] ==> dir [/usr/lib/gcc/x86_64-linux-gnu/5/../../../../lib]
    arg [-L/lib/x86_64-linux-gnu] ==> dir [/lib/x86_64-linux-gnu]
    arg [-L/lib/../lib] ==> dir [/lib/../lib]
    arg [-L/usr/lib/x86_64-linux-gnu] ==> dir [/usr/lib/x86_64-linux-gnu]
    arg [-L/usr/lib/../lib] ==> dir [/usr/lib/../lib]
    arg [-L/usr/lib/gcc/x86_64-linux-gnu/5/../../..] ==> dir [/usr/lib/gcc/x86_64-linux-gnu/5/../../..]
    arg [CMakeFiles/cmTryCompileExec3296782744.dir/CMakeCCompilerABI.c.o] ==> ignore
    arg [-lgcc] ==> lib [gcc]
    arg [--as-needed] ==> ignore
    arg [-lgcc_s] ==> lib [gcc_s]
    arg [--no-as-needed] ==> ignore
    arg [-lc] ==> lib [c]
    arg [-lgcc] ==> lib [gcc]
    arg [--as-needed] ==> ignore
    arg [-lgcc_s] ==> lib [gcc_s]
    arg [--no-as-needed] ==> ignore
    arg [/usr/lib/gcc/x86_64-linux-gnu/5/crtend.o] ==> ignore
    arg [/usr/lib/gcc/x86_64-linux-gnu/5/../../../x86_64-linux-gnu/crtn.o] ==> ignore
  remove lib [gcc]
  remove lib [gcc_s]
  remove lib [gcc]
  remove lib [gcc_s]
  collapse library dir [/usr/lib/gcc/x86_64-linux-gnu/5] ==> [/usr/lib/gcc/x86_64-linux-gnu/5]
  collapse library dir [/usr/lib/gcc/x86_64-linux-gnu/5/../../../x86_64-linux-gnu] ==> [/usr/lib/x86_64-linux-gnu]
  collapse library dir [/usr/lib/gcc/x86_64-linux-gnu/5/../../../../lib] ==> [/usr/lib]
  collapse library dir [/lib/x86_64-linux-gnu] ==> [/lib/x86_64-linux-gnu]
  collapse library dir [/lib/../lib] ==> [/lib]
  collapse library dir [/usr/lib/x86_64-linux-gnu] ==> [/usr/lib/x86_64-linux-gnu]
  collapse library dir [/usr/lib/../lib] ==> [/usr/lib]
  collapse library dir [/usr/lib/gcc/x86_64-linux-gnu/5/../../..] ==> [/usr/lib]
  implicit libs: [c]
  implicit dirs: [/usr/lib/gcc/x86_64-linux-gnu/5;/usr/lib/x86_64-linux-gnu;/usr/lib;/lib/x86_64-linux-gnu;/lib]
  implicit fwks: []




Detecting C [-std=c11] compiler features compiled with the following output:
Change Dir: /home/taciomcosta/Área de Trabalho/Linguagem C/Head_First/LAB 2/cmake_binary_dir/CMakeFiles/CMakeTmp

Run Build Command:"/usr/bin/make" "cmTryCompileExec589290876/fast"
/usr/bin/make -f CMakeFiles/cmTryCompileExec589290876.dir/build.make CMakeFiles/cmTryCompileExec589290876.dir/build
make[1]: Entering directory '/home/taciomcosta/Área de Trabalho/Linguagem C/Head_First/LAB 2/cmake_binary_dir/CMakeFiles/CMakeTmp'
/usr/bin/cmake -E cmake_progress_report "/home/taciomcosta/Área de Trabalho/Linguagem C/Head_First/LAB 2/cmake_binary_dir/CMakeFiles/CMakeTmp/CMakeFiles" 1
Building C object CMakeFiles/cmTryCompileExec589290876.dir/feature_tests.c.o
/usr/bin/cc   -std=c11 -o CMakeFiles/cmTryCompileExec589290876.dir/feature_tests.c.o   -c "/home/taciomcosta/Área de Trabalho/Linguagem C/Head_First/LAB 2/cmake_binary_dir/CMakeFiles/feature_tests.c"
Linking C executable cmTryCompileExec589290876
/usr/bin/cmake -E cmake_link_script CMakeFiles/cmTryCompileExec589290876.dir/link.txt --verbose=1
/usr/bin/cc       CMakeFiles/cmTryCompileExec589290876.dir/feature_tests.c.o  -o cmTryCompileExec589290876 -rdynamic 
make[1]: Leaving directory '/home/taciomcosta/Área de Trabalho/Linguagem C/Head_First/LAB 2/cmake_binary_dir/CMakeFiles/CMakeTmp'


    Feature record: C_FEATURE:1c_function_prototypes
    Feature record: C_FEATURE:1c_restrict
    Feature record: C_FEATURE:1c_static_assert
    Feature record: C_FEATURE:1c_variadic_macros


Detecting C [-std=c99] compiler features compiled with the following output:
Change Dir: /home/taciomcosta/Área de Trabalho/Linguagem C/Head_First/LAB 2/cmake_binary_dir/CMakeFiles/CMakeTmp

Run Build Command:"/usr/bin/make" "cmTryCompileExec284456623/fast"
/usr/bin/make -f CMakeFiles/cmTryCompileExec284456623.dir/build.make CMakeFiles/cmTryCompileExec284456623.dir/build
make[1]: Entering directory '/home/taciomcosta/Área de Trabalho/Linguagem C/Head_First/LAB 2/cmake_binary_dir/CMakeFiles/CMakeTmp'
/usr/bin/cmake -E cmake_progress_report "/home/taciomcosta/Área de Trabalho/Linguagem C/Head_First/LAB 2/cmake_binary_dir/CMakeFiles/CMakeTmp/CMakeFiles" 1
Building C object CMakeFiles/cmTryCompileExec284456623.dir/feature_tests.c.o
/usr/bin/cc   -std=c99 -o CMakeFiles/cmTryCompileExec284456623.dir/feature_tests.c.o   -c "/home/taciomcosta/Área de Trabalho/Linguagem C/Head_First/LAB 2/cmake_binary_dir/CMakeFiles/feature_tests.c"
Linking C executable cmTryCompileExec284456623
/usr/bin/cmake -E cmake_link_script CMakeFiles/cmTryCompileExec284456623.dir/link.txt --verbose=1
/usr/bin/cc       CMakeFiles/cmTryCompileExec284456623.dir/feature_tests.c.o  -o cmTryCompileExec284456623 -rdynamic 
make[1]: Leaving directory '/home/taciomcosta/Área de Trabalho/Linguagem C/Head_First/LAB 2/cmake_binary_dir/CMakeFiles/CMakeTmp'


    Feature record: C_FEATURE:1c_function_prototypes
    Feature record: C_FEATURE:1c_restrict
    Feature record: C_FEATURE:0c_static_assert
    Feature record: C_FEATURE:1c_variadic_macros


Detecting C [-std=c90] compiler features compiled with the following output:
Change Dir: /home/taciomcosta/Área de Trabalho/Linguagem C/Head_First/LAB 2/cmake_binary_dir/CMakeFiles/CMakeTmp

Run Build Command:"/usr/bin/make" "cmTryCompileExec649122791/fast"
/usr/bin/make -f CMakeFiles/cmTryCompileExec649122791.dir/build.make CMakeFiles/cmTryCompileExec649122791.dir/build
make[1]: Entering directory '/home/taciomcosta/Área de Trabalho/Linguagem C/Head_First/LAB 2/cmake_binary_dir/CMakeFiles/CMakeTmp'
/usr/bin/cmake -E cmake_progress_report "/home/taciomcosta/Área de Trabalho/Linguagem C/Head_First/LAB 2/cmake_binary_dir/CMakeFiles/CMakeTmp/CMakeFiles" 1
Building C object CMakeFiles/cmTryCompileExec649122791.dir/feature_tests.c.o
/usr/bin/cc   -std=c90 -o CMakeFiles/cmTryCompileExec649122791.dir/feature_tests.c.o   -c "/home/taciomcosta/Área de Trabalho/Linguagem C/Head_First/LAB 2/cmake_binary_dir/CMakeFiles/feature_tests.c"
Linking C executable cmTryCompileExec649122791
/usr/bin/cmake -E cmake_link_script CMakeFiles/cmTryCompileExec649122791.dir/link.txt --verbose=1
/usr/bin/cc       CMakeFiles/cmTryCompileExec649122791.dir/feature_tests.c.o  -o cmTryCompileExec649122791 -rdynamic 
make[1]: Leaving directory '/home/taciomcosta/Área de Trabalho/Linguagem C/Head_First/LAB 2/cmake_binary_dir/CMakeFiles/CMakeTmp'


    Feature record: C_FEATURE:1c_function_prototypes
    Feature record: C_FEATURE:0c_restrict
    Feature record: C_FEATURE:0c_static_assert
    Feature record: C_FEATURE:0c_variadic_macros
Determining if the include file pthread.h exists passed with the following output:
Change Dir: /home/taciomcosta/Área de Trabalho/Linguagem C/Head_First/LAB 2/cmake_binary_dir/CMakeFiles/CMakeTmp

Run Build Command:"/usr/bin/make" "cmTryCompileExec1181812910/fast"
/usr/bin/make -f CMakeFiles/cmTryCompileExec1181812910.dir/build.make CMakeFiles/cmTryCompileExec1181812910.dir/build
make[1]: Entering directory '/home/taciomcosta/Área de Trabalho/Linguagem C/Head_First/LAB 2/cmake_binary_dir/CMakeFiles/CMakeTmp'
/usr/bin/cmake -E cmake_progress_report "/home/taciomcosta/Área de Trabalho/Linguagem C/Head_First/LAB 2/cmake_binary_dir/CMakeFiles/CMakeTmp/CMakeFiles" 1
Building C object CMakeFiles/cmTryCompileExec1181812910.dir/CheckIncludeFile.c.o
/usr/bin/cc   -fsigned-char -W -Wall -Werror=return-type -Werror=non-virtual-dtor -Werror=address -Werror=sequence-point -Wformat -Werror=format-security -Wmissing-declarations -Wmissing-prototypes -Wstrict-prototypes -Wundef -Winit-self -Wpointer-arith -Wshadow -Wno-narrowing -fdiagnostics-show-option -Wno-long-long -pthread -fomit-frame-pointer -msse -msse2 -mno-avx -msse3 -mno-ssse3 -mno-sse4.1 -mno-sse4.2 -ffunction-sections -fvisibility=hidden  -O3 -DNDEBUG   -o CMakeFiles/cmTryCompileExec1181812910.dir/CheckIncludeFile.c.o   -c "/home/taciomcosta/Área de Trabalho/Linguagem C/Head_First/LAB 2/cmake_binary_dir/CMakeFiles/CMakeTmp/CheckIncludeFile.c"
Linking C executable cmTryCompileExec1181812910
/usr/bin/cmake -E cmake_link_script CMakeFiles/cmTryCompileExec1181812910.dir/link.txt --verbose=1
/usr/bin/cc     -fsigned-char -W -Wall -Werror=return-type -Werror=non-virtual-dtor -Werror=address -Werror=sequence-point -Wformat -Werror=format-security -Wmissing-declarations -Wmissing-prototypes -Wstrict-prototypes -Wundef -Winit-self -Wpointer-arith -Wshadow -Wno-narrowing -fdiagnostics-show-option -Wno-long-long -pthread -fomit-frame-pointer -msse -msse2 -mno-avx -msse3 -mno-ssse3 -mno-sse4.1 -mno-sse4.2 -ffunction-sections -fvisibility=hidden  -O3 -DNDEBUG    CMakeFiles/cmTryCompileExec1181812910.dir/CheckIncludeFile.c.o  -o cmTryCompileExec1181812910 -rdynamic 
make[1]: Leaving directory '/home/taciomcosta/Área de Trabalho/Linguagem C/Head_First/LAB 2/cmake_binary_dir/CMakeFiles/CMakeTmp'


Determining if the include file sys/types.h exists passed with the following output:
Change Dir: /home/taciomcosta/Área de Trabalho/Linguagem C/Head_First/LAB 2/cmake_binary_dir/CMakeFiles/CMakeTmp

Run Build Command:"/usr/bin/make" "cmTryCompileExec725091565/fast"
/usr/bin/make -f CMakeFiles/cmTryCompileExec725091565.dir/build.make CMakeFiles/cmTryCompileExec725091565.dir/build
make[1]: Entering directory '/home/taciomcosta/Área de Trabalho/Linguagem C/Head_First/LAB 2/cmake_binary_dir/CMakeFiles/CMakeTmp'
/usr/bin/cmake -E cmake_progress_report "/home/taciomcosta/Área de Trabalho/Linguagem C/Head_First/LAB 2/cmake_binary_dir/CMakeFiles/CMakeTmp/CMakeFiles" 1
Building C object CMakeFiles/cmTryCompileExec725091565.dir/CheckIncludeFile.c.o
/usr/bin/cc   -fsigned-char -W -Wall -Werror=return-type -Werror=non-virtual-dtor -Werror=address -Werror=sequence-point -Wformat -Werror=format-security -Wmissing-declarations -Wmissing-prototypes -Wstrict-prototypes -Wundef -Winit-self -Wpointer-arith -Wshadow -Wno-narrowing -fdiagnostics-show-option -Wno-long-long -pthread -fomit-frame-pointer -msse -msse2 -mno-avx -msse3 -mno-ssse3 -mno-sse4.1 -mno-sse4.2 -ffunction-sections -fvisibility=hidden  -O3 -DNDEBUG   -o CMakeFiles/cmTryCompileExec725091565.dir/CheckIncludeFile.c.o   -c "/home/taciomcosta/Área de Trabalho/Linguagem C/Head_First/LAB 2/cmake_binary_dir/CMakeFiles/CMakeTmp/CheckIncludeFile.c"
Linking C executable cmTryCompileExec725091565
/usr/bin/cmake -E cmake_link_script CMakeFiles/cmTryCompileExec725091565.dir/link.txt --verbose=1
/usr/bin/cc     -fsigned-char -W -Wall -Werror=return-type -Werror=non-virtual-dtor -Werror=address -Werror=sequence-point -Wformat -Werror=format-security -Wmissing-declarations -Wmissing-prototypes -Wstrict-prototypes -Wundef -Winit-self -Wpointer-arith -Wshadow -Wno-narrowing -fdiagnostics-show-option -Wno-long-long -pthread -fomit-frame-pointer -msse -msse2 -mno-avx -msse3 -mno-ssse3 -mno-sse4.1 -mno-sse4.2 -ffunction-sections -fvisibility=hidden  -O3 -DNDEBUG    CMakeFiles/cmTryCompileExec725091565.dir/CheckIncludeFile.c.o  -o cmTryCompileExec725091565 -rdynamic 
make[1]: Leaving directory '/home/taciomcosta/Área de Trabalho/Linguagem C/Head_First/LAB 2/cmake_binary_dir/CMakeFiles/CMakeTmp'


Determining if the include file stdint.h exists passed with the following output:
Change Dir: /home/taciomcosta/Área de Trabalho/Linguagem C/Head_First/LAB 2/cmake_binary_dir/CMakeFiles/CMakeTmp

Run Build Command:"/usr/bin/make" "cmTryCompileExec4110464319/fast"
/usr/bin/make -f CMakeFiles/cmTryCompileExec4110464319.dir/build.make CMakeFiles/cmTryCompileExec4110464319.dir/build
make[1]: Entering directory '/home/taciomcosta/Área de Trabalho/Linguagem C/Head_First/LAB 2/cmake_binary_dir/CMakeFiles/CMakeTmp'
/usr/bin/cmake -E cmake_progress_report "/home/taciomcosta/Área de Trabalho/Linguagem C/Head_First/LAB 2/cmake_binary_dir/CMakeFiles/CMakeTmp/CMakeFiles" 1
Building C object CMakeFiles/cmTryCompileExec4110464319.dir/CheckIncludeFile.c.o
/usr/bin/cc   -fsigned-char -W -Wall -Werror=return-type -Werror=non-virtual-dtor -Werror=address -Werror=sequence-point -Wformat -Werror=format-security -Wmissing-declarations -Wmissing-prototypes -Wstrict-prototypes -Wundef -Winit-self -Wpointer-arith -Wshadow -Wno-narrowing -fdiagnostics-show-option -Wno-long-long -pthread -fomit-frame-pointer -msse -msse2 -mno-avx -msse3 -mno-ssse3 -mno-sse4.1 -mno-sse4.2 -ffunction-sections -fvisibility=hidden  -O3 -DNDEBUG   -o CMakeFiles/cmTryCompileExec4110464319.dir/CheckIncludeFile.c.o   -c "/home/taciomcosta/Área de Trabalho/Linguagem C/Head_First/LAB 2/cmake_binary_dir/CMakeFiles/CMakeTmp/CheckIncludeFile.c"
Linking C executable cmTryCompileExec4110464319
/usr/bin/cmake -E cmake_link_script CMakeFiles/cmTryCompileExec4110464319.dir/link.txt --verbose=1
/usr/bin/cc     -fsigned-char -W -Wall -Werror=return-type -Werror=non-virtual-dtor -Werror=address -Werror=sequence-point -Wformat -Werror=format-security -Wmissing-declarations -Wmissing-prototypes -Wstrict-prototypes -Wundef -Winit-self -Wpointer-arith -Wshadow -Wno-narrowing -fdiagnostics-show-option -Wno-long-long -pthread -fomit-frame-pointer -msse -msse2 -mno-avx -msse3 -mno-ssse3 -mno-sse4.1 -mno-sse4.2 -ffunction-sections -fvisibility=hidden  -O3 -DNDEBUG    CMakeFiles/cmTryCompileExec4110464319.dir/CheckIncludeFile.c.o  -o cmTryCompileExec4110464319 -rdynamic 
make[1]: Leaving directory '/home/taciomcosta/Área de Trabalho/Linguagem C/Head_First/LAB 2/cmake_binary_dir/CMakeFiles/CMakeTmp'


Determining if the include file stddef.h exists passed with the following output:
Change Dir: /home/taciomcosta/Área de Trabalho/Linguagem C/Head_First/LAB 2/cmake_binary_dir/CMakeFiles/CMakeTmp

Run Build Command:"/usr/bin/make" "cmTryCompileExec1134026056/fast"
/usr/bin/make -f CMakeFiles/cmTryCompileExec1134026056.dir/build.make CMakeFiles/cmTryCompileExec1134026056.dir/build
make[1]: Entering directory '/home/taciomcosta/Área de Trabalho/Linguagem C/Head_First/LAB 2/cmake_binary_dir/CMakeFiles/CMakeTmp'
/usr/bin/cmake -E cmake_progress_report "/home/taciomcosta/Área de Trabalho/Linguagem C/Head_First/LAB 2/cmake_binary_dir/CMakeFiles/CMakeTmp/CMakeFiles" 1
Building C object CMakeFiles/cmTryCompileExec1134026056.dir/CheckIncludeFile.c.o
/usr/bin/cc   -fsigned-char -W -Wall -Werror=return-type -Werror=non-virtual-dtor -Werror=address -Werror=sequence-point -Wformat -Werror=format-security -Wmissing-declarations -Wmissing-prototypes -Wstrict-prototypes -Wundef -Winit-self -Wpointer-arith -Wshadow -Wno-narrowing -fdiagnostics-show-option -Wno-long-long -pthread -fomit-frame-pointer -msse -msse2 -mno-avx -msse3 -mno-ssse3 -mno-sse4.1 -mno-sse4.2 -ffunction-sections -fvisibility=hidden  -O3 -DNDEBUG   -o CMakeFiles/cmTryCompileExec1134026056.dir/CheckIncludeFile.c.o   -c "/home/taciomcosta/Área de Trabalho/Linguagem C/Head_First/LAB 2/cmake_binary_dir/CMakeFiles/CMakeTmp/CheckIncludeFile.c"
Linking C executable cmTryCompileExec1134026056
/usr/bin/cmake -E cmake_link_script CMakeFiles/cmTryCompileExec1134026056.dir/link.txt --verbose=1
/usr/bin/cc     -fsigned-char -W -Wall -Werror=return-type -Werror=non-virtual-dtor -Werror=address -Werror=sequence-point -Wformat -Werror=format-security -Wmissing-declarations -Wmissing-prototypes -Wstrict-prototypes -Wundef -Winit-self -Wpointer-arith -Wshadow -Wno-narrowing -fdiagnostics-show-option -Wno-long-long -pthread -fomit-frame-pointer -msse -msse2 -mno-avx -msse3 -mno-ssse3 -mno-sse4.1 -mno-sse4.2 -ffunction-sections -fvisibility=hidden  -O3 -DNDEBUG    CMakeFiles/cmTryCompileExec1134026056.dir/CheckIncludeFile.c.o  -o cmTryCompileExec1134026056 -rdynamic 
make[1]: Leaving directory '/home/taciomcosta/Área de Trabalho/Linguagem C/Head_First/LAB 2/cmake_binary_dir/CMakeFiles/CMakeTmp'


Determining size of unsigned short passed with the following output:
Change Dir: /home/taciomcosta/Área de Trabalho/Linguagem C/Head_First/LAB 2/cmake_binary_dir/CMakeFiles/CMakeTmp

Run Build Command:"/usr/bin/make" "cmTryCompileExec1241127412/fast"
/usr/bin/make -f CMakeFiles/cmTryCompileExec1241127412.dir/build.make CMakeFiles/cmTryCompileExec1241127412.dir/build
make[1]: Entering directory '/home/taciomcosta/Área de Trabalho/Linguagem C/Head_First/LAB 2/cmake_binary_dir/CMakeFiles/CMakeTmp'
/usr/bin/cmake -E cmake_progress_report "/home/taciomcosta/Área de Trabalho/Linguagem C/Head_First/LAB 2/cmake_binary_dir/CMakeFiles/CMakeTmp/CMakeFiles" 1
Building C object CMakeFiles/cmTryCompileExec1241127412.dir/CMAKE_SIZEOF_UNSIGNED_SHORT.c.o
/usr/bin/cc   -fsigned-char -W -Wall -Werror=return-type -Werror=non-virtual-dtor -Werror=address -Werror=sequence-point -Wformat -Werror=format-security -Wmissing-declarations -Wmissing-prototypes -Wstrict-prototypes -Wundef -Winit-self -Wpointer-arith -Wshadow -Wno-narrowing -fdiagnostics-show-option -Wno-long-long -pthread -fomit-frame-pointer -msse -msse2 -mno-avx -msse3 -mno-ssse3 -mno-sse4.1 -mno-sse4.2 -ffunction-sections -fvisibility=hidden  -O3 -DNDEBUG   -o CMakeFiles/cmTryCompileExec1241127412.dir/CMAKE_SIZEOF_UNSIGNED_SHORT.c.o   -c "/home/taciomcosta/Área de Trabalho/Linguagem C/Head_First/LAB 2/cmake_binary_dir/CMakeFiles/CheckTypeSize/CMAKE_SIZEOF_UNSIGNED_SHORT.c"
Linking C executable cmTryCompileExec1241127412
/usr/bin/cmake -E cmake_link_script CMakeFiles/cmTryCompileExec1241127412.dir/link.txt --verbose=1
/usr/bin/cc     -fsigned-char -W -Wall -Werror=return-type -Werror=non-virtual-dtor -Werror=address -Werror=sequence-point -Wformat -Werror=format-security -Wmissing-declarations -Wmissing-prototypes -Wstrict-prototypes -Wundef -Winit-self -Wpointer-arith -Wshadow -Wno-narrowing -fdiagnostics-show-option -Wno-long-long -pthread -fomit-frame-pointer -msse -msse2 -mno-avx -msse3 -mno-ssse3 -mno-sse4.1 -mno-sse4.2 -ffunction-sections -fvisibility=hidden  -O3 -DNDEBUG    CMakeFiles/cmTryCompileExec1241127412.dir/CMAKE_SIZEOF_UNSIGNED_SHORT.c.o  -o cmTryCompileExec1241127412 -rdynamic 
make[1]: Leaving directory '/home/taciomcosta/Área de Trabalho/Linguagem C/Head_First/LAB 2/cmake_binary_dir/CMakeFiles/CMakeTmp'


Determining if the include file assert.h exists passed with the following output:
Change Dir: /home/taciomcosta/Área de Trabalho/Linguagem C/Head_First/LAB 2/cmake_binary_dir/CMakeFiles/CMakeTmp

Run Build Command:"/usr/bin/make" "cmTryCompileExec2445903254/fast"
/usr/bin/make -f CMakeFiles/cmTryCompileExec2445903254.dir/build.make CMakeFiles/cmTryCompileExec2445903254.dir/build
make[1]: Entering directory '/home/taciomcosta/Área de Trabalho/Linguagem C/Head_First/LAB 2/cmake_binary_dir/CMakeFiles/CMakeTmp'
/usr/bin/cmake -E cmake_progress_report "/home/taciomcosta/Área de Trabalho/Linguagem C/Head_First/LAB 2/cmake_binary_dir/CMakeFiles/CMakeTmp/CMakeFiles" 1
Building C object CMakeFiles/cmTryCompileExec2445903254.dir/CheckIncludeFile.c.o
/usr/bin/cc   -fsigned-char -W -Wall -Werror=return-type -Werror=non-virtual-dtor -Werror=address -Werror=sequence-point -Wformat -Werror=format-security -Wmissing-declarations -Wmissing-prototypes -Wstrict-prototypes -Wundef -Winit-self -Wpointer-arith -Wshadow -Wno-narrowing -fdiagnostics-show-option -Wno-long-long -pthread -fomit-frame-pointer -msse -msse2 -mno-avx -msse3 -mno-ssse3 -mno-sse4.1 -mno-sse4.2 -ffunction-sections -fvisibility=hidden  -O3 -DNDEBUG   -o CMakeFiles/cmTryCompileExec2445903254.dir/CheckIncludeFile.c.o   -c "/home/taciomcosta/Área de Trabalho/Linguagem C/Head_First/LAB 2/cmake_binary_dir/CMakeFiles/CMakeTmp/CheckIncludeFile.c"
Linking C executable cmTryCompileExec2445903254
/usr/bin/cmake -E cmake_link_script CMakeFiles/cmTryCompileExec2445903254.dir/link.txt --verbose=1
/usr/bin/cc     -fsigned-char -W -Wall -Werror=return-type -Werror=non-virtual-dtor -Werror=address -Werror=sequence-point -Wformat -Werror=format-security -Wmissing-declarations -Wmissing-prototypes -Wstrict-prototypes -Wundef -Winit-self -Wpointer-arith -Wshadow -Wno-narrowing -fdiagnostics-show-option -Wno-long-long -pthread -fomit-frame-pointer -msse -msse2 -mno-avx -msse3 -mno-ssse3 -mno-sse4.1 -mno-sse4.2 -ffunction-sections -fvisibility=hidden  -O3 -DNDEBUG    CMakeFiles/cmTryCompileExec2445903254.dir/CheckIncludeFile.c.o  -o cmTryCompileExec2445903254 -rdynamic 
make[1]: Leaving directory '/home/taciomcosta/Área de Trabalho/Linguagem C/Head_First/LAB 2/cmake_binary_dir/CMakeFiles/CMakeTmp'


Determining if the include file fcntl.h exists passed with the following output:
Change Dir: /home/taciomcosta/Área de Trabalho/Linguagem C/Head_First/LAB 2/cmake_binary_dir/CMakeFiles/CMakeTmp

Run Build Command:"/usr/bin/make" "cmTryCompileExec1593640583/fast"
/usr/bin/make -f CMakeFiles/cmTryCompileExec1593640583.dir/build.make CMakeFiles/cmTryCompileExec1593640583.dir/build
make[1]: Entering directory '/home/taciomcosta/Área de Trabalho/Linguagem C/Head_First/LAB 2/cmake_binary_dir/CMakeFiles/CMakeTmp'
/usr/bin/cmake -E cmake_progress_report "/home/taciomcosta/Área de Trabalho/Linguagem C/Head_First/LAB 2/cmake_binary_dir/CMakeFiles/CMakeTmp/CMakeFiles" 1
Building C object CMakeFiles/cmTryCompileExec1593640583.dir/CheckIncludeFile.c.o
/usr/bin/cc   -fsigned-char -W -Wall -Werror=return-type -Werror=non-virtual-dtor -Werror=address -Werror=sequence-point -Wformat -Werror=format-security -Wmissing-declarations -Wmissing-prototypes -Wstrict-prototypes -Wundef -Winit-self -Wpointer-arith -Wshadow -Wno-narrowing -fdiagnostics-show-option -Wno-long-long -pthread -fomit-frame-pointer -msse -msse2 -mno-avx -msse3 -mno-ssse3 -mno-sse4.1 -mno-sse4.2 -ffunction-sections -fvisibility=hidden  -O3 -DNDEBUG   -o CMakeFiles/cmTryCompileExec1593640583.dir/CheckIncludeFile.c.o   -c "/home/taciomcosta/Área de Trabalho/Linguagem C/Head_First/LAB 2/cmake_binary_dir/CMakeFiles/CMakeTmp/CheckIncludeFile.c"
Linking C executable cmTryCompileExec1593640583
/usr/bin/cmake -E cmake_link_script CMakeFiles/cmTryCompileExec1593640583.dir/link.txt --verbose=1
/usr/bin/cc     -fsigned-char -W -Wall -Werror=return-type -Werror=non-virtual-dtor -Werror=address -Werror=sequence-point -Wformat -Werror=format-security -Wmissing-declarations -Wmissing-prototypes -Wstrict-prototypes -Wundef -Winit-self -Wpointer-arith -Wshadow -Wno-narrowing -fdiagnostics-show-option -Wno-long-long -pthread -fomit-frame-pointer -msse -msse2 -mno-avx -msse3 -mno-ssse3 -mno-sse4.1 -mno-sse4.2 -ffunction-sections -fvisibility=hidden  -O3 -DNDEBUG    CMakeFiles/cmTryCompileExec1593640583.dir/CheckIncludeFile.c.o  -o cmTryCompileExec1593640583 -rdynamic 
make[1]: Leaving directory '/home/taciomcosta/Área de Trabalho/Linguagem C/Head_First/LAB 2/cmake_binary_dir/CMakeFiles/CMakeTmp'


Determining if the function mmap exists passed with the following output:
Change Dir: /home/taciomcosta/Área de Trabalho/Linguagem C/Head_First/LAB 2/cmake_binary_dir/CMakeFiles/CMakeTmp

Run Build Command:"/usr/bin/make" "cmTryCompileExec2852184368/fast"
/usr/bin/make -f CMakeFiles/cmTryCompileExec2852184368.dir/build.make CMakeFiles/cmTryCompileExec2852184368.dir/build
make[1]: Entering directory '/home/taciomcosta/Área de Trabalho/Linguagem C/Head_First/LAB 2/cmake_binary_dir/CMakeFiles/CMakeTmp'
/usr/bin/cmake -E cmake_progress_report "/home/taciomcosta/Área de Trabalho/Linguagem C/Head_First/LAB 2/cmake_binary_dir/CMakeFiles/CMakeTmp/CMakeFiles" 1
Building C object CMakeFiles/cmTryCompileExec2852184368.dir/CheckFunctionExists.c.o
/usr/bin/cc   -fsigned-char -W -Wall -Werror=return-type -Werror=non-virtual-dtor -Werror=address -Werror=sequence-point -Wformat -Werror=format-security -Wmissing-declarations -Wmissing-prototypes -Wstrict-prototypes -Wundef -Winit-self -Wpointer-arith -Wshadow -Wno-narrowing -fdiagnostics-show-option -Wno-long-long -pthread -fomit-frame-pointer -msse -msse2 -mno-avx -msse3 -mno-ssse3 -mno-sse4.1 -mno-sse4.2 -ffunction-sections -fvisibility=hidden -DCHECK_FUNCTION_EXISTS=mmap -O3 -DNDEBUG   -o CMakeFiles/cmTryCompileExec2852184368.dir/CheckFunctionExists.c.o   -c /usr/share/cmake-3.2/Modules/CheckFunctionExists.c
/usr/share/cmake-3.2/Modules/CheckFunctionExists.c:3:1: warning: function declaration isn’t a prototype [-Wstrict-prototypes]
 char CHECK_FUNCTION_EXISTS();
 ^
Linking C executable cmTryCompileExec2852184368
/usr/bin/cmake -E cmake_link_script CMakeFiles/cmTryCompileExec2852184368.dir/link.txt --verbose=1
/usr/bin/cc     -fsigned-char -W -Wall -Werror=return-type -Werror=non-virtual-dtor -Werror=address -Werror=sequence-point -Wformat -Werror=format-security -Wmissing-declarations -Wmissing-prototypes -Wstrict-prototypes -Wundef -Winit-self -Wpointer-arith -Wshadow -Wno-narrowing -fdiagnostics-show-option -Wno-long-long -pthread -fomit-frame-pointer -msse -msse2 -mno-avx -msse3 -mno-ssse3 -mno-sse4.1 -mno-sse4.2 -ffunction-sections -fvisibility=hidden -DCHECK_FUNCTION_EXISTS=mmap -O3 -DNDEBUG    CMakeFiles/cmTryCompileExec2852184368.dir/CheckFunctionExists.c.o  -o cmTryCompileExec2852184368 -rdynamic 
make[1]: Leaving directory '/home/taciomcosta/Área de Trabalho/Linguagem C/Head_First/LAB 2/cmake_binary_dir/CMakeFiles/CMakeTmp'


Determining if the include file search.h exists passed with the following output:
Change Dir: /home/taciomcosta/Área de Trabalho/Linguagem C/Head_First/LAB 2/cmake_binary_dir/CMakeFiles/CMakeTmp

Run Build Command:"/usr/bin/make" "cmTryCompileExec1658073145/fast"
/usr/bin/make -f CMakeFiles/cmTryCompileExec1658073145.dir/build.make CMakeFiles/cmTryCompileExec1658073145.dir/build
make[1]: Entering directory '/home/taciomcosta/Área de Trabalho/Linguagem C/Head_First/LAB 2/cmake_binary_dir/CMakeFiles/CMakeTmp'
/usr/bin/cmake -E cmake_progress_report "/home/taciomcosta/Área de Trabalho/Linguagem C/Head_First/LAB 2/cmake_binary_dir/CMakeFiles/CMakeTmp/CMakeFiles" 1
Building C object CMakeFiles/cmTryCompileExec1658073145.dir/CheckIncludeFile.c.o
/usr/bin/cc   -fsigned-char -W -Wall -Werror=return-type -Werror=non-virtual-dtor -Werror=address -Werror=sequence-point -Wformat -Werror=format-security -Wmissing-declarations -Wmissing-prototypes -Wstrict-prototypes -Wundef -Winit-self -Wpointer-arith -Wshadow -Wno-narrowing -fdiagnostics-show-option -Wno-long-long -pthread -fomit-frame-pointer -msse -msse2 -mno-avx -msse3 -mno-ssse3 -mno-sse4.1 -mno-sse4.2 -ffunction-sections -fvisibility=hidden  -O3 -DNDEBUG   -o CMakeFiles/cmTryCompileExec1658073145.dir/CheckIncludeFile.c.o   -c "/home/taciomcosta/Área de Trabalho/Linguagem C/Head_First/LAB 2/cmake_binary_dir/CMakeFiles/CMakeTmp/CheckIncludeFile.c"
Linking C executable cmTryCompileExec1658073145
/usr/bin/cmake -E cmake_link_script CMakeFiles/cmTryCompileExec1658073145.dir/link.txt --verbose=1
/usr/bin/cc     -fsigned-char -W -Wall -Werror=return-type -Werror=non-virtual-dtor -Werror=address -Werror=sequence-point -Wformat -Werror=format-security -Wmissing-declarations -Wmissing-prototypes -Wstrict-prototypes -Wundef -Winit-self -Wpointer-arith -Wshadow -Wno-narrowing -fdiagnostics-show-option -Wno-long-long -pthread -fomit-frame-pointer -msse -msse2 -mno-avx -msse3 -mno-ssse3 -mno-sse4.1 -mno-sse4.2 -ffunction-sections -fvisibility=hidden  -O3 -DNDEBUG    CMakeFiles/cmTryCompileExec1658073145.dir/CheckIncludeFile.c.o  -o cmTryCompileExec1658073145 -rdynamic 
make[1]: Leaving directory '/home/taciomcosta/Área de Trabalho/Linguagem C/Head_First/LAB 2/cmake_binary_dir/CMakeFiles/CMakeTmp'


Determining if the include file string.h exists passed with the following output:
Change Dir: /home/taciomcosta/Área de Trabalho/Linguagem C/Head_First/LAB 2/cmake_binary_dir/CMakeFiles/CMakeTmp

Run Build Command:"/usr/bin/make" "cmTryCompileExec2265781981/fast"
/usr/bin/make -f CMakeFiles/cmTryCompileExec2265781981.dir/build.make CMakeFiles/cmTryCompileExec2265781981.dir/build
make[1]: Entering directory '/home/taciomcosta/Área de Trabalho/Linguagem C/Head_First/LAB 2/cmake_binary_dir/CMakeFiles/CMakeTmp'
/usr/bin/cmake -E cmake_progress_report "/home/taciomcosta/Área de Trabalho/Linguagem C/Head_First/LAB 2/cmake_binary_dir/CMakeFiles/CMakeTmp/CMakeFiles" 1
Building C object CMakeFiles/cmTryCompileExec2265781981.dir/CheckIncludeFile.c.o
/usr/bin/cc   -fsigned-char -W -Wall -Werror=return-type -Werror=non-virtual-dtor -Werror=address -Werror=sequence-point -Wformat -Werror=format-security -Wmissing-declarations -Wmissing-prototypes -Wstrict-prototypes -Wundef -Winit-self -Wpointer-arith -Wshadow -Wno-narrowing -fdiagnostics-show-option -Wno-long-long -pthread -fomit-frame-pointer -msse -msse2 -mno-avx -msse3 -mno-ssse3 -mno-sse4.1 -mno-sse4.2 -ffunction-sections -fvisibility=hidden  -O3 -DNDEBUG   -o CMakeFiles/cmTryCompileExec2265781981.dir/CheckIncludeFile.c.o   -c "/home/taciomcosta/Área de Trabalho/Linguagem C/Head_First/LAB 2/cmake_binary_dir/CMakeFiles/CMakeTmp/CheckIncludeFile.c"
Linking C executable cmTryCompileExec2265781981
/usr/bin/cmake -E cmake_link_script CMakeFiles/cmTryCompileExec2265781981.dir/link.txt --verbose=1
/usr/bin/cc     -fsigned-char -W -Wall -Werror=return-type -Werror=non-virtual-dtor -Werror=address -Werror=sequence-point -Wformat -Werror=format-security -Wmissing-declarations -Wmissing-prototypes -Wstrict-prototypes -Wundef -Winit-self -Wpointer-arith -Wshadow -Wno-narrowing -fdiagnostics-show-option -Wno-long-long -pthread -fomit-frame-pointer -msse -msse2 -mno-avx -msse3 -mno-ssse3 -mno-sse4.1 -mno-sse4.2 -ffunction-sections -fvisibility=hidden  -O3 -DNDEBUG    CMakeFiles/cmTryCompileExec2265781981.dir/CheckIncludeFile.c.o  -o cmTryCompileExec2265781981 -rdynamic 
make[1]: Leaving directory '/home/taciomcosta/Área de Trabalho/Linguagem C/Head_First/LAB 2/cmake_binary_dir/CMakeFiles/CMakeTmp'


Determining if the include file unistd.h exists passed with the following output:
Change Dir: /home/taciomcosta/Área de Trabalho/Linguagem C/Head_First/LAB 2/cmake_binary_dir/CMakeFiles/CMakeTmp

Run Build Command:"/usr/bin/make" "cmTryCompileExec2920133505/fast"
/usr/bin/make -f CMakeFiles/cmTryCompileExec2920133505.dir/build.make CMakeFiles/cmTryCompileExec2920133505.dir/build
make[1]: Entering directory '/home/taciomcosta/Área de Trabalho/Linguagem C/Head_First/LAB 2/cmake_binary_dir/CMakeFiles/CMakeTmp'
/usr/bin/cmake -E cmake_progress_report "/home/taciomcosta/Área de Trabalho/Linguagem C/Head_First/LAB 2/cmake_binary_dir/CMakeFiles/CMakeTmp/CMakeFiles" 1
Building C object CMakeFiles/cmTryCompileExec2920133505.dir/CheckIncludeFile.c.o
/usr/bin/cc   -fsigned-char -W -Wall -Werror=return-type -Werror=non-virtual-dtor -Werror=address -Werror=sequence-point -Wformat -Werror=format-security -Wmissing-declarations -Wmissing-prototypes -Wstrict-prototypes -Wundef -Winit-self -Wpointer-arith -Wshadow -Wno-narrowing -fdiagnostics-show-option -Wno-long-long -pthread -fomit-frame-pointer -msse -msse2 -mno-avx -msse3 -mno-ssse3 -mno-sse4.1 -mno-sse4.2 -ffunction-sections -fvisibility=hidden  -O3 -DNDEBUG   -o CMakeFiles/cmTryCompileExec2920133505.dir/CheckIncludeFile.c.o   -c "/home/taciomcosta/Área de Trabalho/Linguagem C/Head_First/LAB 2/cmake_binary_dir/CMakeFiles/CMakeTmp/CheckIncludeFile.c"
Linking C executable cmTryCompileExec2920133505
/usr/bin/cmake -E cmake_link_script CMakeFiles/cmTryCompileExec2920133505.dir/link.txt --verbose=1
/usr/bin/cc     -fsigned-char -W -Wall -Werror=return-type -Werror=non-virtual-dtor -Werror=address -Werror=sequence-point -Wformat -Werror=format-security -Wmissing-declarations -Wmissing-prototypes -Wstrict-prototypes -Wundef -Winit-self -Wpointer-arith -Wshadow -Wno-narrowing -fdiagnostics-show-option -Wno-long-long -pthread -fomit-frame-pointer -msse -msse2 -mno-avx -msse3 -mno-ssse3 -mno-sse4.1 -mno-sse4.2 -ffunction-sections -fvisibility=hidden  -O3 -DNDEBUG    CMakeFiles/cmTryCompileExec2920133505.dir/CheckIncludeFile.c.o  -o cmTryCompileExec2920133505 -rdynamic 
make[1]: Leaving directory '/home/taciomcosta/Área de Trabalho/Linguagem C/Head_First/LAB 2/cmake_binary_dir/CMakeFiles/CMakeTmp'


Determining if the include file /usr/include/libpng/png.h exists passed with the following output:
Change Dir: /home/taciomcosta/Área de Trabalho/Linguagem C/Head_First/LAB 2/cmake_binary_dir/CMakeFiles/CMakeTmp

Run Build Command:"/usr/bin/make" "cmTryCompileExec4163384617/fast"
/usr/bin/make -f CMakeFiles/cmTryCompileExec4163384617.dir/build.make CMakeFiles/cmTryCompileExec4163384617.dir/build
make[1]: Entering directory '/home/taciomcosta/Área de Trabalho/Linguagem C/Head_First/LAB 2/cmake_binary_dir/CMakeFiles/CMakeTmp'
/usr/bin/cmake -E cmake_progress_report "/home/taciomcosta/Área de Trabalho/Linguagem C/Head_First/LAB 2/cmake_binary_dir/CMakeFiles/CMakeTmp/CMakeFiles" 1
Building C object CMakeFiles/cmTryCompileExec4163384617.dir/CheckIncludeFile.c.o
/usr/bin/cc   -fsigned-char -W -Wall -Werror=return-type -Werror=non-virtual-dtor -Werror=address -Werror=sequence-point -Wformat -Werror=format-security -Wmissing-declarations -Wmissing-prototypes -Wstrict-prototypes -Wundef -Winit-self -Wpointer-arith -Wshadow -Wno-narrowing -fdiagnostics-show-option -Wno-long-long -pthread -fomit-frame-pointer -msse -msse2 -mno-avx -msse3 -mno-ssse3 -mno-sse4.1 -mno-sse4.2 -ffunction-sections -fvisibility=hidden  -O3 -DNDEBUG   -o CMakeFiles/cmTryCompileExec4163384617.dir/CheckIncludeFile.c.o   -c "/home/taciomcosta/Área de Trabalho/Linguagem C/Head_First/LAB 2/cmake_binary_dir/CMakeFiles/CMakeTmp/CheckIncludeFile.c"
Linking C executable cmTryCompileExec4163384617
/usr/bin/cmake -E cmake_link_script CMakeFiles/cmTryCompileExec4163384617.dir/link.txt --verbose=1
/usr/bin/cc     -fsigned-char -W -Wall -Werror=return-type -Werror=non-virtual-dtor -Werror=address -Werror=sequence-point -Wformat -Werror=format-security -Wmissing-declarations -Wmissing-prototypes -Wstrict-prototypes -Wundef -Winit-self -Wpointer-arith -Wshadow -Wno-narrowing -fdiagnostics-show-option -Wno-long-long -pthread -fomit-frame-pointer -msse -msse2 -mno-avx -msse3 -mno-ssse3 -mno-sse4.1 -mno-sse4.2 -ffunction-sections -fvisibility=hidden  -O3 -DNDEBUG    CMakeFiles/cmTryCompileExec4163384617.dir/CheckIncludeFile.c.o  -o cmTryCompileExec4163384617 -rdynamic 
make[1]: Leaving directory '/home/taciomcosta/Área de Trabalho/Linguagem C/Head_First/LAB 2/cmake_binary_dir/CMakeFiles/CMakeTmp'


Determining if the include file semaphore.h exists passed with the following output:
Change Dir: /home/taciomcosta/Área de Trabalho/Linguagem C/Head_First/LAB 2/cmake_binary_dir/CMakeFiles/CMakeTmp

Run Build Command:"/usr/bin/make" "cmTryCompileExec981115153/fast"
/usr/bin/make -f CMakeFiles/cmTryCompileExec981115153.dir/build.make CMakeFiles/cmTryCompileExec981115153.dir/build
make[1]: Entering directory '/home/taciomcosta/Área de Trabalho/Linguagem C/Head_First/LAB 2/cmake_binary_dir/CMakeFiles/CMakeTmp'
/usr/bin/cmake -E cmake_progress_report "/home/taciomcosta/Área de Trabalho/Linguagem C/Head_First/LAB 2/cmake_binary_dir/CMakeFiles/CMakeTmp/CMakeFiles" 1
Building C object CMakeFiles/cmTryCompileExec981115153.dir/CheckIncludeFile.c.o
/usr/bin/cc   -fsigned-char -W -Wall -Werror=return-type -Werror=non-virtual-dtor -Werror=address -Werror=sequence-point -Wformat -Werror=format-security -Wmissing-declarations -Wmissing-prototypes -Wstrict-prototypes -Wundef -Winit-self -Wpointer-arith -Wshadow -Wno-narrowing -fdiagnostics-show-option -Wno-long-long -pthread -fomit-frame-pointer -msse -msse2 -mno-avx -msse3 -mno-ssse3 -mno-sse4.1 -mno-sse4.2 -ffunction-sections -fvisibility=hidden  -O3 -DNDEBUG   -o CMakeFiles/cmTryCompileExec981115153.dir/CheckIncludeFile.c.o   -c "/home/taciomcosta/Área de Trabalho/Linguagem C/Head_First/LAB 2/cmake_binary_dir/CMakeFiles/CMakeTmp/CheckIncludeFile.c"
Linking C executable cmTryCompileExec981115153
/usr/bin/cmake -E cmake_link_script CMakeFiles/cmTryCompileExec981115153.dir/link.txt --verbose=1
/usr/bin/cc     -fsigned-char -W -Wall -Werror=return-type -Werror=non-virtual-dtor -Werror=address -Werror=sequence-point -Wformat -Werror=format-security -Wmissing-declarations -Wmissing-prototypes -Wstrict-prototypes -Wundef -Winit-self -Wpointer-arith -Wshadow -Wno-narrowing -fdiagnostics-show-option -Wno-long-long -pthread -fomit-frame-pointer -msse -msse2 -mno-avx -msse3 -mno-ssse3 -mno-sse4.1 -mno-sse4.2 -ffunction-sections -fvisibility=hidden  -O3 -DNDEBUG    CMakeFiles/cmTryCompileExec981115153.dir/CheckIncludeFile.c.o  -o cmTryCompileExec981115153 -rdynamic 
make[1]: Leaving directory '/home/taciomcosta/Área de Trabalho/Linguagem C/Head_First/LAB 2/cmake_binary_dir/CMakeFiles/CMakeTmp'


Determining if the include file linux/videodev2.h exists passed with the following output:
Change Dir: /home/taciomcosta/Área de Trabalho/Linguagem C/Head_First/LAB 2/cmake_binary_dir/CMakeFiles/CMakeTmp

Run Build Command:"/usr/bin/make" "cmTryCompileExec815110082/fast"
/usr/bin/make -f CMakeFiles/cmTryCompileExec815110082.dir/build.make CMakeFiles/cmTryCompileExec815110082.dir/build
make[1]: Entering directory '/home/taciomcosta/Área de Trabalho/Linguagem C/Head_First/LAB 2/cmake_binary_dir/CMakeFiles/CMakeTmp'
/usr/bin/cmake -E cmake_progress_report "/home/taciomcosta/Área de Trabalho/Linguagem C/Head_First/LAB 2/cmake_binary_dir/CMakeFiles/CMakeTmp/CMakeFiles" 1
Building C object CMakeFiles/cmTryCompileExec815110082.dir/CheckIncludeFile.c.o
/usr/bin/cc   -fsigned-char -W -Wall -Werror=return-type -Werror=non-virtual-dtor -Werror=address -Werror=sequence-point -Wformat -Werror=format-security -Wmissing-declarations -Wmissing-prototypes -Wstrict-prototypes -Wundef -Winit-self -Wpointer-arith -Wshadow -Wno-narrowing -fdiagnostics-show-option -Wno-long-long -pthread -fomit-frame-pointer -msse -msse2 -mno-avx -msse3 -mno-ssse3 -mno-sse4.1 -mno-sse4.2 -ffunction-sections -fvisibility=hidden  -O3 -DNDEBUG   -o CMakeFiles/cmTryCompileExec815110082.dir/CheckIncludeFile.c.o   -c "/home/taciomcosta/Área de Trabalho/Linguagem C/Head_First/LAB 2/cmake_binary_dir/CMakeFiles/CMakeTmp/CheckIncludeFile.c"
Linking C executable cmTryCompileExec815110082
/usr/bin/cmake -E cmake_link_script CMakeFiles/cmTryCompileExec815110082.dir/link.txt --verbose=1
/usr/bin/cc     -fsigned-char -W -Wall -Werror=return-type -Werror=non-virtual-dtor -Werror=address -Werror=sequence-point -Wformat -Werror=format-security -Wmissing-declarations -Wmissing-prototypes -Wstrict-prototypes -Wundef -Winit-self -Wpointer-arith -Wshadow -Wno-narrowing -fdiagnostics-show-option -Wno-long-long -pthread -fomit-frame-pointer -msse -msse2 -mno-avx -msse3 -mno-ssse3 -mno-sse4.1 -mno-sse4.2 -ffunction-sections -fvisibility=hidden  -O3 -DNDEBUG    CMakeFiles/cmTryCompileExec815110082.dir/CheckIncludeFile.c.o  -o cmTryCompileExec815110082 -rdynamic 
make[1]: Leaving directory '/home/taciomcosta/Área de Trabalho/Linguagem C/Head_First/LAB 2/cmake_binary_dir/CMakeFiles/CMakeTmp'


Determining if the include file libavformat/avformat.h exists passed with the following output:
Change Dir: /home/taciomcosta/Área de Trabalho/Linguagem C/Head_First/LAB 2/cmake_binary_dir/CMakeFiles/CMakeTmp

Run Build Command:"/usr/bin/make" "cmTryCompileExec1163935559/fast"
/usr/bin/make -f CMakeFiles/cmTryCompileExec1163935559.dir/build.make CMakeFiles/cmTryCompileExec1163935559.dir/build
make[1]: Entering directory '/home/taciomcosta/Área de Trabalho/Linguagem C/Head_First/LAB 2/cmake_binary_dir/CMakeFiles/CMakeTmp'
/usr/bin/cmake -E cmake_progress_report "/home/taciomcosta/Área de Trabalho/Linguagem C/Head_First/LAB 2/cmake_binary_dir/CMakeFiles/CMakeTmp/CMakeFiles" 1
Building C object CMakeFiles/cmTryCompileExec1163935559.dir/CheckIncludeFile.c.o
/usr/bin/cc   -fsigned-char -W -Wall -Werror=return-type -Werror=non-virtual-dtor -Werror=address -Werror=sequence-point -Wformat -Werror=format-security -Wmissing-declarations -Wmissing-prototypes -Wstrict-prototypes -Wundef -Winit-self -Wpointer-arith -Wshadow -Wno-narrowing -fdiagnostics-show-option -Wno-long-long -pthread -fomit-frame-pointer -msse -msse2 -mno-avx -msse3 -mno-ssse3 -mno-sse4.1 -mno-sse4.2 -ffunction-sections -fvisibility=hidden  -O3 -DNDEBUG   -o CMakeFiles/cmTryCompileExec1163935559.dir/CheckIncludeFile.c.o   -c "/home/taciomcosta/Área de Trabalho/Linguagem C/Head_First/LAB 2/cmake_binary_dir/CMakeFiles/CMakeTmp/CheckIncludeFile.c"
Linking C executable cmTryCompileExec1163935559
/usr/bin/cmake -E cmake_link_script CMakeFiles/cmTryCompileExec1163935559.dir/link.txt --verbose=1
/usr/bin/cc     -fsigned-char -W -Wall -Werror=return-type -Werror=non-virtual-dtor -Werror=address -Werror=sequence-point -Wformat -Werror=format-security -Wmissing-declarations -Wmissing-prototypes -Wstrict-prototypes -Wundef -Winit-self -Wpointer-arith -Wshadow -Wno-narrowing -fdiagnostics-show-option -Wno-long-long -pthread -fomit-frame-pointer -msse -msse2 -mno-avx -msse3 -mno-ssse3 -mno-sse4.1 -mno-sse4.2 -ffunction-sections -fvisibility=hidden  -O3 -DNDEBUG    CMakeFiles/cmTryCompileExec1163935559.dir/CheckIncludeFile.c.o  -o cmTryCompileExec1163935559 -rdynamic 
make[1]: Leaving directory '/home/taciomcosta/Área de Trabalho/Linguagem C/Head_First/LAB 2/cmake_binary_dir/CMakeFiles/CMakeTmp'


Determining if files pthread.h exist passed with the following output:
Change Dir: /home/taciomcosta/Área de Trabalho/Linguagem C/Head_First/LAB 2/cmake_binary_dir/CMakeFiles/CMakeTmp

Run Build Command:"/usr/bin/make" "cmTryCompileExec2265395861/fast"
/usr/bin/make -f CMakeFiles/cmTryCompileExec2265395861.dir/build.make CMakeFiles/cmTryCompileExec2265395861.dir/build
make[1]: Entering directory '/home/taciomcosta/Área de Trabalho/Linguagem C/Head_First/LAB 2/cmake_binary_dir/CMakeFiles/CMakeTmp'
/usr/bin/cmake -E cmake_progress_report "/home/taciomcosta/Área de Trabalho/Linguagem C/Head_First/LAB 2/cmake_binary_dir/CMakeFiles/CMakeTmp/CMakeFiles" 1
Building C object CMakeFiles/cmTryCompileExec2265395861.dir/CheckIncludeFiles.c.o
/usr/bin/cc   -fsigned-char -W -Wall -Werror=return-type -Werror=non-virtual-dtor -Werror=address -Werror=sequence-point -Wformat -Werror=format-security -Wmissing-declarations -Wmissing-prototypes -Wstrict-prototypes -Wundef -Winit-self -Wpointer-arith -Wshadow -Wno-narrowing -fdiagnostics-show-option -Wno-long-long -pthread -fomit-frame-pointer -msse -msse2 -mno-avx -msse3 -mno-ssse3 -mno-sse4.1 -mno-sse4.2 -ffunction-sections -fvisibility=hidden  -O3 -DNDEBUG   -o CMakeFiles/cmTryCompileExec2265395861.dir/CheckIncludeFiles.c.o   -c "/home/taciomcosta/Área de Trabalho/Linguagem C/Head_First/LAB 2/cmake_binary_dir/CMakeFiles/CMakeTmp/CheckIncludeFiles.c"
Linking C executable cmTryCompileExec2265395861
/usr/bin/cmake -E cmake_link_script CMakeFiles/cmTryCompileExec2265395861.dir/link.txt --verbose=1
/usr/bin/cc     -fsigned-char -W -Wall -Werror=return-type -Werror=non-virtual-dtor -Werror=address -Werror=sequence-point -Wformat -Werror=format-security -Wmissing-declarations -Wmissing-prototypes -Wstrict-prototypes -Wundef -Winit-self -Wpointer-arith -Wshadow -Wno-narrowing -fdiagnostics-show-option -Wno-long-long -pthread -fomit-frame-pointer -msse -msse2 -mno-avx -msse3 -mno-ssse3 -mno-sse4.1 -mno-sse4.2 -ffunction-sections -fvisibility=hidden  -O3 -DNDEBUG    CMakeFiles/cmTryCompileExec2265395861.dir/CheckIncludeFiles.c.o  -o cmTryCompileExec2265395861 -rdynamic 
make[1]: Leaving directory '/home/taciomcosta/Área de Trabalho/Linguagem C/Head_First/LAB 2/cmake_binary_dir/CMakeFiles/CMakeTmp'


Determining if the pthread_create exist passed with the following output:
Change Dir: /home/taciomcosta/Área de Trabalho/Linguagem C/Head_First/LAB 2/cmake_binary_dir/CMakeFiles/CMakeTmp

Run Build Command:"/usr/bin/make" "cmTryCompileExec2672758095/fast"
/usr/bin/make -f CMakeFiles/cmTryCompileExec2672758095.dir/build.make CMakeFiles/cmTryCompileExec2672758095.dir/build
make[1]: Entering directory '/home/taciomcosta/Área de Trabalho/Linguagem C/Head_First/LAB 2/cmake_binary_dir/CMakeFiles/CMakeTmp'
/usr/bin/cmake -E cmake_progress_report "/home/taciomcosta/Área de Trabalho/Linguagem C/Head_First/LAB 2/cmake_binary_dir/CMakeFiles/CMakeTmp/CMakeFiles" 1
Building C object CMakeFiles/cmTryCompileExec2672758095.dir/CheckSymbolExists.c.o
/usr/bin/cc   -fsigned-char -W -Wall -Werror=return-type -Werror=non-virtual-dtor -Werror=address -Werror=sequence-point -Wformat -Werror=format-security -Wmissing-declarations -Wmissing-prototypes -Wstrict-prototypes -Wundef -Winit-self -Wpointer-arith -Wshadow -Wno-narrowing -fdiagnostics-show-option -Wno-long-long -pthread -fomit-frame-pointer -msse -msse2 -mno-avx -msse3 -mno-ssse3 -mno-sse4.1 -mno-sse4.2 -ffunction-sections -fvisibility=hidden  -O3 -DNDEBUG   -o CMakeFiles/cmTryCompileExec2672758095.dir/CheckSymbolExists.c.o   -c "/home/taciomcosta/Área de Trabalho/Linguagem C/Head_First/LAB 2/cmake_binary_dir/CMakeFiles/CMakeTmp/CheckSymbolExists.c"
Linking C executable cmTryCompileExec2672758095
/usr/bin/cmake -E cmake_link_script CMakeFiles/cmTryCompileExec2672758095.dir/link.txt --verbose=1
/usr/bin/cc     -fsigned-char -W -Wall -Werror=return-type -Werror=non-virtual-dtor -Werror=address -Werror=sequence-point -Wformat -Werror=format-security -Wmissing-declarations -Wmissing-prototypes -Wstrict-prototypes -Wundef -Winit-self -Wpointer-arith -Wshadow -Wno-narrowing -fdiagnostics-show-option -Wno-long-long -pthread -fomit-frame-pointer -msse -msse2 -mno-avx -msse3 -mno-ssse3 -mno-sse4.1 -mno-sse4.2 -ffunction-sections -fvisibility=hidden  -O3 -DNDEBUG    CMakeFiles/cmTryCompileExec2672758095.dir/CheckSymbolExists.c.o  -o cmTryCompileExec2672758095 -rdynamic 
make[1]: Leaving directory '/home/taciomcosta/Área de Trabalho/Linguagem C/Head_First/LAB 2/cmake_binary_dir/CMakeFiles/CMakeTmp'

File /home/taciomcosta/Área de Trabalho/Linguagem C/Head_First/LAB 2/cmake_binary_dir/CMakeFiles/CMakeTmp/CheckSymbolExists.c:
/* */
#include <pthread.h>

int main(int argc, char** argv)
{
  (void)argv;
#ifndef pthread_create
  return ((int*)(&pthread_create))[argc];
#else
  (void)argc;
  return 0;
#endif
}

Determining if the include file linux/videodev2.h exists passed with the following output:
Change Dir: /home/taciomcosta/Área de Trabalho/Linguagem C/Head_First/LAB 2/cmake_binary_dir/CMakeFiles/CMakeTmp

Run Build Command:"/usr/bin/make" "cmTryCompileExec1625145095/fast"
/usr/bin/make -f CMakeFiles/cmTryCompileExec1625145095.dir/build.make CMakeFiles/cmTryCompileExec1625145095.dir/build
make[1]: Entering directory '/home/taciomcosta/Área de Trabalho/Linguagem C/Head_First/LAB 2/cmake_binary_dir/CMakeFiles/CMakeTmp'
/usr/bin/cmake -E cmake_progress_report "/home/taciomcosta/Área de Trabalho/Linguagem C/Head_First/LAB 2/cmake_binary_dir/CMakeFiles/CMakeTmp/CMakeFiles" 1
Building C object CMakeFiles/cmTryCompileExec1625145095.dir/CheckIncludeFile.c.o
/usr/bin/cc   -fsigned-char -W -Wall -Werror=return-type -Werror=non-virtual-dtor -Werror=address -Werror=sequence-point -Wformat -Werror=format-security -Wmissing-declarations -Wmissing-prototypes -Wstrict-prototypes -Wundef -Winit-self -Wpointer-arith -Wshadow -Wno-narrowing -fdiagnostics-show-option -Wno-long-long -pthread -fomit-frame-pointer -msse -msse2 -mno-avx -msse3 -mno-ssse3 -mno-sse4.1 -mno-sse4.2 -ffunction-sections -fvisibility=hidden  -O3 -DNDEBUG   -o CMakeFiles/cmTryCompileExec1625145095.dir/CheckIncludeFile.c.o   -c "/home/taciomcosta/Área de Trabalho/Linguagem C/Head_First/LAB 2/cmake_binary_dir/CMakeFiles/CMakeTmp/CheckIncludeFile.c"
Linking C executable cmTryCompileExec1625145095
/usr/bin/cmake -E cmake_link_script CMakeFiles/cmTryCompileExec1625145095.dir/link.txt --verbose=1
/usr/bin/cc     -fsigned-char -W -Wall -Werror=return-type -Werror=non-virtual-dtor -Werror=address -Werror=sequence-point -Wformat -Werror=format-security -Wmissing-declarations -Wmissing-prototypes -Wstrict-prototypes -Wundef -Winit-self -Wpointer-arith -Wshadow -Wno-narrowing -fdiagnostics-show-option -Wno-long-long -pthread -fomit-frame-pointer -msse -msse2 -mno-avx -msse3 -mno-ssse3 -mno-sse4.1 -mno-sse4.2 -ffunction-sections -fvisibility=hidden  -O3 -DNDEBUG    CMakeFiles/cmTryCompileExec1625145095.dir/CheckIncludeFile.c.o  -o cmTryCompileExec1625145095 -rdynamic 
make[1]: Leaving directory '/home/taciomcosta/Área de Trabalho/Linguagem C/Head_First/LAB 2/cmake_binary_dir/CMakeFiles/CMakeTmp'


Determining if the include file libavformat/avformat.h exists passed with the following output:
Change Dir: /home/taciomcosta/Área de Trabalho/Linguagem C/Head_First/LAB 2/cmake_binary_dir/CMakeFiles/CMakeTmp

Run Build Command:"/usr/bin/make" "cmTryCompileExec3681482665/fast"
/usr/bin/make -f CMakeFiles/cmTryCompileExec3681482665.dir/build.make CMakeFiles/cmTryCompileExec3681482665.dir/build
make[1]: Entering directory '/home/taciomcosta/Área de Trabalho/Linguagem C/Head_First/LAB 2/cmake_binary_dir/CMakeFiles/CMakeTmp'
/usr/bin/cmake -E cmake_progress_report "/home/taciomcosta/Área de Trabalho/Linguagem C/Head_First/LAB 2/cmake_binary_dir/CMakeFiles/CMakeTmp/CMakeFiles" 1
Building C object CMakeFiles/cmTryCompileExec3681482665.dir/CheckIncludeFile.c.o
/usr/bin/cc   -fsigned-char -W -Wall -Werror=return-type -Werror=non-virtual-dtor -Werror=address -Werror=sequence-point -Wformat -Werror=format-security -Wmissing-declarations -Wmissing-prototypes -Wstrict-prototypes -Wundef -Winit-self -Wpointer-arith -Wshadow -Wno-narrowing -fdiagnostics-show-option -Wno-long-long -pthread -fomit-frame-pointer -msse -msse2 -mno-avx -msse3 -mno-ssse3 -mno-sse4.1 -mno-sse4.2 -ffunction-sections -fvisibility=hidden  -O3 -DNDEBUG   -o CMakeFiles/cmTryCompileExec3681482665.dir/CheckIncludeFile.c.o   -c "/home/taciomcosta/Área de Trabalho/Linguagem C/Head_First/LAB 2/cmake_binary_dir/CMakeFiles/CMakeTmp/CheckIncludeFile.c"
Linking C executable cmTryCompileExec3681482665
/usr/bin/cmake -E cmake_link_script CMakeFiles/cmTryCompileExec3681482665.dir/link.txt --verbose=1
/usr/bin/cc     -fsigned-char -W -Wall -Werror=return-type -Werror=non-virtual-dtor -Werror=address -Werror=sequence-point -Wformat -Werror=format-security -Wmissing-declarations -Wmissing-prototypes -Wstrict-prototypes -Wundef -Winit-self -Wpointer-arith -Wshadow -Wno-narrowing -fdiagnostics-show-option -Wno-long-long -pthread -fomit-frame-pointer -msse -msse2 -mno-avx -msse3 -mno-ssse3 -mno-sse4.1 -mno-sse4.2 -ffunction-sections -fvisibility=hidden  -O3 -DNDEBUG    CMakeFiles/cmTryCompileExec3681482665.dir/CheckIncludeFile.c.o  -o cmTryCompileExec3681482665 -rdynamic 
make[1]: Leaving directory '/home/taciomcosta/Área de Trabalho/Linguagem C/Head_First/LAB 2/cmake_binary_dir/CMakeFiles/CMakeTmp'


